{"numFailedTestSuites":0,"numFailedTests":0,"numPassedTestSuites":1,"numPassedTests":13,"numPendingTestSuites":0,"numPendingTests":0,"numRuntimeErrorTestSuites":0,"numTodoTests":0,"numTotalTestSuites":1,"numTotalTests":13,"openHandles":[],"snapshot":{"added":0,"didUpdate":false,"failure":false,"filesAdded":0,"filesRemoved":0,"filesRemovedList":[],"filesUnmatched":0,"filesUpdated":0,"matched":0,"total":0,"unchecked":0,"uncheckedKeysByFile":[],"unmatched":0,"updated":0},"startTime":1734664343530,"success":true,"testResults":[{"assertionResults":[{"ancestorTitles":["siteConfig"],"duration":2,"failureDetails":[],"failureMessages":[],"fullName":"siteConfig should have the correct structure and types","invocations":1,"location":null,"numPassingAsserts":2,"retryReasons":[],"status":"passed","title":"should have the correct structure and types"},{"ancestorTitles":["siteConfig"],"duration":0,"failureDetails":[],"failureMessages":[],"fullName":"siteConfig should have the correct title","invocations":1,"location":null,"numPassingAsserts":1,"retryReasons":[],"status":"passed","title":"should have the correct title"},{"ancestorTitles":["siteConfig"],"duration":1,"failureDetails":[],"failureMessages":[],"fullName":"siteConfig should have the correct author","invocations":1,"location":null,"numPassingAsserts":1,"retryReasons":[],"status":"passed","title":"should have the correct author"},{"ancestorTitles":["siteConfig"],"duration":0,"failureDetails":[],"failureMessages":[],"fullName":"siteConfig should have a valid email","invocations":1,"location":null,"numPassingAsserts":1,"retryReasons":[],"status":"passed","title":"should have a valid email"},{"ancestorTitles":["siteConfig"],"duration":0,"failureDetails":[],"failureMessages":[],"fullName":"siteConfig should have the correct theme color","invocations":1,"location":null,"numPassingAsserts":1,"retryReasons":[],"status":"passed","title":"should have the correct theme color"},{"ancestorTitles":["siteConfig"],"duration":0,"failureDetails":[],"failureMessages":[],"fullName":"siteConfig should have a valid site URL","invocations":1,"location":null,"numPassingAsserts":1,"retryReasons":[],"status":"passed","title":"should have a valid site URL"},{"ancestorTitles":["siteConfig"],"duration":1,"failureDetails":[],"failureMessages":[],"fullName":"siteConfig should have a valid Disqus URL","invocations":1,"location":null,"numPassingAsserts":1,"retryReasons":[],"status":"passed","title":"should have a valid Disqus URL"},{"ancestorTitles":["siteConfig"],"duration":0,"failureDetails":[],"failureMessages":[],"fullName":"siteConfig should have the correct number of landing titles","invocations":1,"location":null,"numPassingAsserts":1,"retryReasons":[],"status":"passed","title":"should have the correct number of landing titles"},{"ancestorTitles":["siteConfig"],"duration":0,"failureDetails":[],"failureMessages":[],"fullName":"siteConfig should have valid social media links","invocations":1,"location":null,"numPassingAsserts":10,"retryReasons":[],"status":"passed","title":"should have valid social media links"},{"ancestorTitles":["siteConfig"],"duration":0,"failureDetails":[],"failureMessages":[],"fullName":"siteConfig should have at least one book","invocations":1,"location":null,"numPassingAsserts":1,"retryReasons":[],"status":"passed","title":"should have at least one book"},{"ancestorTitles":["siteConfig"],"duration":0,"failureDetails":[],"failureMessages":[],"fullName":"siteConfig should have valid book properties","invocations":1,"location":null,"numPassingAsserts":2,"retryReasons":[],"status":"passed","title":"should have valid book properties"},{"ancestorTitles":["siteConfig","githubData"],"duration":0,"failureDetails":[],"failureMessages":[],"fullName":"siteConfig githubData should have a valid profile","invocations":1,"location":null,"numPassingAsserts":5,"retryReasons":[],"status":"passed","title":"should have a valid profile"},{"ancestorTitles":["siteConfig","githubData"],"duration":1,"failureDetails":[],"failureMessages":[],"fullName":"siteConfig githubData should have valid repos","invocations":1,"location":null,"numPassingAsserts":11,"retryReasons":[],"status":"passed","title":"should have valid repos"}],"endTime":1734664343869,"message":"","name":"/Users/raviranjan/Documents/agents/blog/config/test/site.baserock.test.ts","startTime":1734664343687,"status":"passed","summary":""}],"wasInterrupted":false,"coverageMap":{"/Users/raviranjan/Documents/agents/blog/config/site.ts":{"path":"/Users/raviranjan/Documents/agents/blog/config/site.ts","statementMap":{"0":{"start":{"line":100,"column":9},"end":{"line":100,"column":null}},"1":{"start":{"line":3,"column":23},"end":{"line":3,"column":null}},"2":{"start":{"line":28,"column":31},"end":{"line":98,"column":null}}},"fnMap":{},"branchMap":{},"s":{"0":23,"1":1,"2":1},"f":{},"b":{}},"/Users/raviranjan/Documents/agents/blog/config/colors.ts":{"path":"/Users/raviranjan/Documents/agents/blog/config/colors.ts","statementMap":{"0":{"start":{"line":46,"column":9},"end":{"line":46,"column":15}},"1":{"start":{"line":46,"column":17},"end":{"line":46,"column":31}},"2":{"start":{"line":46,"column":33},"end":{"line":46,"column":45}},"3":{"start":{"line":1,"column":21},"end":{"line":8,"column":null}},"4":{"start":{"line":10,"column":21},"end":{"line":23,"column":null}},"5":{"start":{"line":25,"column":15},"end":{"line":28,"column":null}},"6":{"start":{"line":34,"column":2},"end":{"line":34,"column":null}},"7":{"start":{"line":38,"column":18},"end":{"line":38,"column":null}},"8":{"start":{"line":39,"column":19},"end":{"line":39,"column":52}},"9":{"start":{"line":41,"column":23},"end":{"line":41,"column":40}},"10":{"start":{"line":43,"column":2},"end":{"line":43,"column":null}}},"fnMap":{"0":{"name":"hashString","decl":{"start":{"line":33,"column":9},"end":{"line":33,"column":20}},"loc":{"start":{"line":33,"column":32},"end":{"line":35,"column":null}}},"1":{"name":"getColorByName","decl":{"start":{"line":37,"column":9},"end":{"line":37,"column":24}},"loc":{"start":{"line":37,"column":36},"end":{"line":44,"column":null}}}},"branchMap":{},"s":{"0":2,"1":0,"2":0,"3":1,"4":1,"5":1,"6":0,"7":0,"8":0,"9":0,"10":0},"f":{"0":0,"1":0},"b":{}},"/Users/raviranjan/Documents/agents/blog/config/routes.ts":{"path":"/Users/raviranjan/Documents/agents/blog/config/routes.ts","statementMap":{"0":{"start":{"line":35,"column":9},"end":{"line":35,"column":null}},"1":{"start":{"line":8,"column":24},"end":{"line":33,"column":null}}},"fnMap":{},"branchMap":{},"s":{"0":0,"1":0},"f":{},"b":{}},"/Users/raviranjan/Documents/agents/blog/layouts/LandingLayout.tsx":{"path":"/Users/raviranjan/Documents/agents/blog/layouts/LandingLayout.tsx","statementMap":{"0":{"start":{"line":25,"column":0},"end":{"line":25,"column":15}},"1":{"start":{"line":2,"column":25},"end":{"line":2,"column":null}},"2":{"start":{"line":3,"column":15},"end":{"line":3,"column":null}},"3":{"start":{"line":25,"column":15},"end":{"line":25,"column":null}}},"fnMap":{"0":{"name":"LandingLayout","decl":{"start":{"line":9,"column":9},"end":{"line":9,"column":23}},"loc":{"start":{"line":9,"column":42},"end":{"line":23,"column":null}}}},"branchMap":{},"s":{"0":0,"1":0,"2":0,"3":0},"f":{"0":0},"b":{}},"/Users/raviranjan/Documents/agents/blog/config/social.ts":{"path":"/Users/raviranjan/Documents/agents/blog/config/social.ts","statementMap":{"0":{"start":{"line":19,"column":9},"end":{"line":19,"column":19}},"1":{"start":{"line":19,"column":21},"end":{"line":19,"column":32}},"2":{"start":{"line":1,"column":20},"end":{"line":7,"column":null}},"3":{"start":{"line":9,"column":19},"end":{"line":15,"column":null}}},"fnMap":{},"branchMap":{},"s":{"0":0,"1":0,"2":0,"3":0},"f":{},"b":{}},"/Users/raviranjan/Documents/agents/blog/layouts/PostLayout.tsx":{"path":"/Users/raviranjan/Documents/agents/blog/layouts/PostLayout.tsx","statementMap":{"0":{"start":{"line":28,"column":0},"end":{"line":28,"column":15}},"1":{"start":{"line":3,"column":51},"end":{"line":3,"column":null}},"2":{"start":{"line":28,"column":15},"end":{"line":28,"column":null}}},"fnMap":{"0":{"name":"PostLayout","decl":{"start":{"line":11,"column":9},"end":{"line":11,"column":20}},"loc":{"start":{"line":15,"column":8},"end":{"line":26,"column":null}}}},"branchMap":{},"s":{"0":0,"1":0,"2":0},"f":{"0":0},"b":{}},"/Users/raviranjan/Documents/agents/blog/layouts/index.ts":{"path":"/Users/raviranjan/Documents/agents/blog/layouts/index.ts","statementMap":{"0":{"start":{"line":1,"column":20},"end":{"line":1,"column":41}},"1":{"start":{"line":2,"column":20},"end":{"line":2,"column":34}},"2":{"start":{"line":3,"column":20},"end":{"line":3,"column":38}},"3":{"start":{"line":1,"column":41},"end":{"line":1,"column":null}},"4":{"start":{"line":2,"column":34},"end":{"line":2,"column":null}},"5":{"start":{"line":3,"column":38},"end":{"line":3,"column":null}}},"fnMap":{},"branchMap":{},"s":{"0":0,"1":0,"2":0,"3":0,"4":0,"5":0},"f":{},"b":{}},"/Users/raviranjan/Documents/agents/blog/hooks/useDarkMode.ts":{"path":"/Users/raviranjan/Documents/agents/blog/hooks/useDarkMode.ts","statementMap":{"0":{"start":{"line":29,"column":0},"end":{"line":29,"column":15}},"1":{"start":{"line":2,"column":29},"end":{"line":2,"column":null}},"2":{"start":{"line":3,"column":26},"end":{"line":3,"column":null}},"3":{"start":{"line":4,"column":42},"end":{"line":4,"column":null}},"4":{"start":{"line":10,"column":34},"end":{"line":10,"column":null}},"5":{"start":{"line":11,"column":26},"end":{"line":11,"column":null}},"6":{"start":{"line":12,"column":27},"end":{"line":12,"column":null}},"7":{"start":{"line":13,"column":18},"end":{"line":13,"column":null}},"8":{"start":{"line":15,"column":2},"end":{"line":24,"column":null}},"9":{"start":{"line":16,"column":4},"end":{"line":22,"column":null}},"10":{"start":{"line":17,"column":6},"end":{"line":17,"column":null}},"11":{"start":{"line":18,"column":6},"end":{"line":18,"column":null}},"12":{"start":{"line":20,"column":6},"end":{"line":20,"column":null}},"13":{"start":{"line":21,"column":6},"end":{"line":21,"column":null}},"14":{"start":{"line":26,"column":2},"end":{"line":26,"column":null}},"15":{"start":{"line":29,"column":15},"end":{"line":29,"column":null}}},"fnMap":{"0":{"name":"useDarkMode","decl":{"start":{"line":6,"column":9},"end":{"line":6,"column":null}},"loc":{"start":{"line":6,"column":9},"end":{"line":27,"column":null}}},"1":{"name":"(anonymous_2)","decl":{"start":{"line":15,"column":12},"end":{"line":15,"column":null}},"loc":{"start":{"line":15,"column":12},"end":{"line":24,"column":5}}}},"branchMap":{"0":{"loc":{"start":{"line":13,"column":18},"end":{"line":13,"column":null}},"type":"binary-expr","locations":[{"start":{"line":13,"column":18},"end":{"line":13,"column":30}},{"start":{"line":13,"column":30},"end":{"line":13,"column":null}}]},"1":{"loc":{"start":{"line":16,"column":4},"end":{"line":22,"column":null}},"type":"if","locations":[{"start":{"line":16,"column":4},"end":{"line":22,"column":null}},{"start":{"line":19,"column":11},"end":{"line":22,"column":null}}]}},"s":{"0":0,"1":0,"2":0,"3":0,"4":0,"5":0,"6":0,"7":0,"8":0,"9":0,"10":0,"11":0,"12":0,"13":0,"14":0,"15":0},"f":{"0":0,"1":0},"b":{"0":[0,0],"1":[0,0]}},"/Users/raviranjan/Documents/agents/blog/layouts/Layout.tsx":{"path":"/Users/raviranjan/Documents/agents/blog/layouts/Layout.tsx","statementMap":{"0":{"start":{"line":28,"column":0},"end":{"line":28,"column":15}},"1":{"start":{"line":3,"column":51},"end":{"line":3,"column":null}},"2":{"start":{"line":4,"column":22},"end":{"line":4,"column":null}},"3":{"start":{"line":28,"column":15},"end":{"line":28,"column":null}}},"fnMap":{"0":{"name":"Layout","decl":{"start":{"line":13,"column":9},"end":{"line":13,"column":16}},"loc":{"start":{"line":13,"column":61},"end":{"line":26,"column":null}}}},"branchMap":{},"s":{"0":0,"1":0,"2":0,"3":0},"f":{"0":0},"b":{}},"/Users/raviranjan/Documents/agents/blog/hooks/useDisqus.ts":{"path":"/Users/raviranjan/Documents/agents/blog/hooks/useDisqus.ts","statementMap":{"0":{"start":{"line":14,"column":0},"end":{"line":14,"column":15}},"1":{"start":{"line":1,"column":26},"end":{"line":1,"column":null}},"2":{"start":{"line":4,"column":17},"end":{"line":4,"column":null}},"3":{"start":{"line":5,"column":2},"end":{"line":5,"column":null}},"4":{"start":{"line":6,"column":2},"end":{"line":6,"column":null}},"5":{"start":{"line":7,"column":2},"end":{"line":7,"column":null}},"6":{"start":{"line":11,"column":2},"end":{"line":11,"column":null}},"7":{"start":{"line":11,"column":18},"end":{"line":11,"column":35}},"8":{"start":{"line":14,"column":15},"end":{"line":14,"column":null}}},"fnMap":{"0":{"name":"loadScript","decl":{"start":{"line":3,"column":9},"end":{"line":3,"column":20}},"loc":{"start":{"line":3,"column":31},"end":{"line":8,"column":null}}},"1":{"name":"useDisqus","decl":{"start":{"line":10,"column":9},"end":{"line":10,"column":19}},"loc":{"start":{"line":10,"column":30},"end":{"line":12,"column":null}}},"2":{"name":"(anonymous_3)","decl":{"start":{"line":11,"column":12},"end":{"line":11,"column":18}},"loc":{"start":{"line":11,"column":18},"end":{"line":11,"column":35}}}},"branchMap":{},"s":{"0":0,"1":0,"2":0,"3":0,"4":0,"5":0,"6":0,"7":0,"8":0},"f":{"0":0,"1":0,"2":0},"b":{}},"/Users/raviranjan/Documents/agents/blog/config/seo.ts":{"path":"/Users/raviranjan/Documents/agents/blog/config/seo.ts","statementMap":{"0":{"start":{"line":4,"column":16},"end":{"line":4,"column":27}},"1":{"start":{"line":54,"column":16},"end":{"line":54,"column":27}},"2":{"start":{"line":2,"column":27},"end":{"line":2,"column":null}},"3":{"start":{"line":17,"column":2},"end":{"line":51,"column":null}},"4":{"start":{"line":63,"column":2},"end":{"line":67,"column":null}}},"fnMap":{"0":{"name":"getMetadata","decl":{"start":{"line":4,"column":16},"end":{"line":4,"column":27}},"loc":{"start":{"line":16,"column":6},"end":{"line":52,"column":null}}},"1":{"name":"getViewport","decl":{"start":{"line":54,"column":16},"end":{"line":54,"column":27}},"loc":{"start":{"line":62,"column":6},"end":{"line":68,"column":null}}}},"branchMap":{"0":{"loc":{"start":{"line":4,"column":28},"end":{"line":16,"column":6}},"type":"default-arg","locations":[{"start":{"line":16,"column":4},"end":{"line":16,"column":6}}]},"1":{"loc":{"start":{"line":5,"column":2},"end":{"line":5,"column":26}},"type":"default-arg","locations":[{"start":{"line":5,"column":10},"end":{"line":5,"column":26}}]},"2":{"loc":{"start":{"line":6,"column":2},"end":{"line":6,"column":38}},"type":"default-arg","locations":[{"start":{"line":6,"column":16},"end":{"line":6,"column":38}}]},"3":{"loc":{"start":{"line":7,"column":2},"end":{"line":7,"column":28}},"type":"default-arg","locations":[{"start":{"line":7,"column":11},"end":{"line":7,"column":28}}]},"4":{"loc":{"start":{"line":8,"column":2},"end":{"line":8,"column":30}},"type":"default-arg","locations":[{"start":{"line":8,"column":12},"end":{"line":8,"column":30}}]},"5":{"loc":{"start":{"line":9,"column":2},"end":{"line":9,"column":38}},"type":"default-arg","locations":[{"start":{"line":9,"column":12},"end":{"line":9,"column":38}}]},"6":{"loc":{"start":{"line":54,"column":28},"end":{"line":62,"column":6}},"type":"default-arg","locations":[{"start":{"line":62,"column":4},"end":{"line":62,"column":6}}]},"7":{"loc":{"start":{"line":55,"column":2},"end":{"line":55,"column":36}},"type":"default-arg","locations":[{"start":{"line":55,"column":15},"end":{"line":55,"column":36}}]},"8":{"loc":{"start":{"line":56,"column":2},"end":{"line":56,"column":24}},"type":"default-arg","locations":[{"start":{"line":56,"column":10},"end":{"line":56,"column":24}}]},"9":{"loc":{"start":{"line":57,"column":2},"end":{"line":57,"column":20}},"type":"default-arg","locations":[{"start":{"line":57,"column":17},"end":{"line":57,"column":20}}]}},"s":{"0":0,"1":0,"2":0,"3":0,"4":0},"f":{"0":0,"1":0},"b":{"0":[0],"1":[0],"2":[0],"3":[0],"4":[0],"5":[0],"6":[0],"7":[0],"8":[0],"9":[0]}},"/Users/raviranjan/Documents/agents/blog/hooks/index.ts":{"path":"/Users/raviranjan/Documents/agents/blog/hooks/index.ts","statementMap":{"0":{"start":{"line":1,"column":20},"end":{"line":1,"column":46}},"1":{"start":{"line":2,"column":20},"end":{"line":2,"column":39}},"2":{"start":{"line":3,"column":20},"end":{"line":3,"column":37}},"3":{"start":{"line":4,"column":20},"end":{"line":4,"column":43}},"4":{"start":{"line":5,"column":20},"end":{"line":5,"column":41}},"5":{"start":{"line":1,"column":46},"end":{"line":1,"column":null}},"6":{"start":{"line":2,"column":39},"end":{"line":2,"column":null}},"7":{"start":{"line":3,"column":37},"end":{"line":3,"column":null}},"8":{"start":{"line":4,"column":43},"end":{"line":4,"column":null}},"9":{"start":{"line":5,"column":41},"end":{"line":5,"column":null}}},"fnMap":{},"branchMap":{},"s":{"0":0,"1":0,"2":0,"3":0,"4":0,"5":0,"6":0,"7":0,"8":0,"9":0},"f":{},"b":{}},"/Users/raviranjan/Documents/agents/blog/hooks/useTypingEffect.ts":{"path":"/Users/raviranjan/Documents/agents/blog/hooks/useTypingEffect.ts","statementMap":{"0":{"start":{"line":36,"column":0},"end":{"line":36,"column":15}},"1":{"start":{"line":2,"column":34},"end":{"line":2,"column":null}},"2":{"start":{"line":3,"column":18},"end":{"line":3,"column":null}},"3":{"start":{"line":13,"column":41},"end":{"line":13,"column":null}},"4":{"start":{"line":14,"column":16},"end":{"line":14,"column":null}},"5":{"start":{"line":16,"column":2},"end":{"line":33,"column":null}},"6":{"start":{"line":17,"column":20},"end":{"line":24,"column":null}},"7":{"start":{"line":26,"column":4},"end":{"line":27,"column":null}},"8":{"start":{"line":27,"column":6},"end":{"line":27,"column":null}},"9":{"start":{"line":29,"column":4},"end":{"line":32,"column":null}},"10":{"start":{"line":30,"column":6},"end":{"line":31,"column":null}},"11":{"start":{"line":31,"column":8},"end":{"line":31,"column":null}},"12":{"start":{"line":36,"column":15},"end":{"line":36,"column":null}}},"fnMap":{"0":{"name":"useTypingEffect","decl":{"start":{"line":12,"column":9},"end":{"line":12,"column":25}},"loc":{"start":{"line":12,"column":76},"end":{"line":34,"column":null}}},"1":{"name":"(anonymous_3)","decl":{"start":{"line":16,"column":12},"end":{"line":16,"column":null}},"loc":{"start":{"line":16,"column":12},"end":{"line":33,"column":5}}},"2":{"name":"(anonymous_4)","decl":{"start":{"line":29,"column":11},"end":{"line":29,"column":null}},"loc":{"start":{"line":29,"column":11},"end":{"line":32,"column":null}}}},"branchMap":{"0":{"loc":{"start":{"line":26,"column":4},"end":{"line":27,"column":null}},"type":"if","locations":[{"start":{"line":26,"column":4},"end":{"line":27,"column":null}}]},"1":{"loc":{"start":{"line":30,"column":6},"end":{"line":31,"column":null}},"type":"if","locations":[{"start":{"line":30,"column":6},"end":{"line":31,"column":null}}]}},"s":{"0":0,"1":0,"2":0,"3":0,"4":0,"5":0,"6":0,"7":0,"8":0,"9":0,"10":0,"11":0,"12":0},"f":{"0":0,"1":0,"2":0},"b":{"0":[0],"1":[0]}},"/Users/raviranjan/Documents/agents/blog/components/Alert/Alert.tsx":{"path":"/Users/raviranjan/Documents/agents/blog/components/Alert/Alert.tsx","statementMap":{"0":{"start":{"line":8,"column":0},"end":{"line":8,"column":15}},"1":{"start":{"line":2,"column":34},"end":{"line":2,"column":null}},"2":{"start":{"line":8,"column":15},"end":{"line":8,"column":null}}},"fnMap":{},"branchMap":{},"s":{"0":0,"1":0,"2":0},"f":{},"b":{}},"/Users/raviranjan/Documents/agents/blog/components/Alert/index.ts":{"path":"/Users/raviranjan/Documents/agents/blog/components/Alert/index.ts","statementMap":{"0":{"start":{"line":1,"column":9},"end":{"line":1,"column":24}},"1":{"start":{"line":1,"column":24},"end":{"line":1,"column":null}}},"fnMap":{},"branchMap":{},"s":{"0":0,"1":0},"f":{},"b":{}},"/Users/raviranjan/Documents/agents/blog/components/Anchor/index.ts":{"path":"/Users/raviranjan/Documents/agents/blog/components/Anchor/index.ts","statementMap":{"0":{"start":{"line":1,"column":9},"end":{"line":1,"column":24}},"1":{"start":{"line":1,"column":24},"end":{"line":1,"column":null}}},"fnMap":{},"branchMap":{},"s":{"0":0,"1":0},"f":{},"b":{}},"/Users/raviranjan/Documents/agents/blog/components/Aside/index.ts":{"path":"/Users/raviranjan/Documents/agents/blog/components/Aside/index.ts","statementMap":{"0":{"start":{"line":1,"column":9},"end":{"line":1,"column":24}},"1":{"start":{"line":1,"column":24},"end":{"line":1,"column":null}}},"fnMap":{},"branchMap":{},"s":{"0":0,"1":0},"f":{},"b":{}},"/Users/raviranjan/Documents/agents/blog/components/Aside/Aside.tsx":{"path":"/Users/raviranjan/Documents/agents/blog/components/Aside/Aside.tsx","statementMap":{"0":{"start":{"line":56,"column":0},"end":{"line":56,"column":15}},"1":{"start":{"line":2,"column":18},"end":{"line":2,"column":null}},"2":{"start":{"line":3,"column":15},"end":{"line":3,"column":null}},"3":{"start":{"line":4,"column":19},"end":{"line":4,"column":null}},"4":{"start":{"line":14,"column":2},"end":{"line":30,"column":null}},"5":{"start":{"line":17,"column":6},"end":{"line":17,"column":null}},"6":{"start":{"line":20,"column":6},"end":{"line":20,"column":null}},"7":{"start":{"line":23,"column":6},"end":{"line":23,"column":null}},"8":{"start":{"line":26,"column":6},"end":{"line":26,"column":null}},"9":{"start":{"line":29,"column":6},"end":{"line":29,"column":null}},"10":{"start":{"line":56,"column":15},"end":{"line":56,"column":null}}},"fnMap":{"0":{"name":"normalizeType","decl":{"start":{"line":13,"column":9},"end":{"line":13,"column":23}},"loc":{"start":{"line":13,"column":36},"end":{"line":31,"column":null}}},"1":{"name":"Aside","decl":{"start":{"line":33,"column":9},"end":{"line":33,"column":15}},"loc":{"start":{"line":39,"column":8},"end":{"line":54,"column":null}}}},"branchMap":{"0":{"loc":{"start":{"line":14,"column":2},"end":{"line":30,"column":null}},"type":"switch","locations":[{"start":{"line":15,"column":4},"end":{"line":15,"column":null}},{"start":{"line":16,"column":4},"end":{"line":17,"column":null}},{"start":{"line":18,"column":4},"end":{"line":18,"column":null}},{"start":{"line":19,"column":4},"end":{"line":20,"column":null}},{"start":{"line":21,"column":4},"end":{"line":21,"column":null}},{"start":{"line":22,"column":4},"end":{"line":23,"column":null}},{"start":{"line":24,"column":4},"end":{"line":24,"column":null}},{"start":{"line":25,"column":4},"end":{"line":26,"column":null}},{"start":{"line":27,"column":4},"end":{"line":27,"column":null}},{"start":{"line":28,"column":4},"end":{"line":29,"column":null}}]}},"s":{"0":0,"1":0,"2":0,"3":0,"4":0,"5":0,"6":0,"7":0,"8":0,"9":0,"10":0},"f":{"0":0,"1":0},"b":{"0":[0,0,0,0,0,0,0,0,0,0]}},"/Users/raviranjan/Documents/agents/blog/components/AutoComplete/index.ts":{"path":"/Users/raviranjan/Documents/agents/blog/components/AutoComplete/index.ts","statementMap":{"0":{"start":{"line":1,"column":9},"end":{"line":1,"column":24}},"1":{"start":{"line":1,"column":24},"end":{"line":1,"column":null}}},"fnMap":{},"branchMap":{},"s":{"0":0,"1":0},"f":{},"b":{}},"/Users/raviranjan/Documents/agents/blog/hooks/useCopyToClipboard.ts":{"path":"/Users/raviranjan/Documents/agents/blog/hooks/useCopyToClipboard.ts","statementMap":{"0":{"start":{"line":33,"column":0},"end":{"line":33,"column":15}},"1":{"start":{"line":1,"column":57},"end":{"line":1,"column":null}},"2":{"start":{"line":7,"column":34},"end":{"line":7,"column":null}},"3":{"start":{"line":8,"column":22},"end":{"line":8,"column":null}},"4":{"start":{"line":10,"column":29},"end":{"line":26,"column":null}},"5":{"start":{"line":12,"column":4},"end":{"line":13,"column":null}},"6":{"start":{"line":13,"column":6},"end":{"line":13,"column":null}},"7":{"start":{"line":15,"column":4},"end":{"line":25,"column":null}},"8":{"start":{"line":16,"column":6},"end":{"line":16,"column":null}},"9":{"start":{"line":17,"column":6},"end":{"line":17,"column":null}},"10":{"start":{"line":18,"column":6},"end":{"line":20,"column":null}},"11":{"start":{"line":19,"column":8},"end":{"line":19,"column":null}},"12":{"start":{"line":21,"column":6},"end":{"line":21,"column":null}},"13":{"start":{"line":23,"column":6},"end":{"line":23,"column":null}},"14":{"start":{"line":24,"column":6},"end":{"line":24,"column":null}},"15":{"start":{"line":28,"column":2},"end":{"line":28,"column":null}},"16":{"start":{"line":28,"column":18},"end":{"line":28,"column":66}},"17":{"start":{"line":28,"column":24},"end":{"line":28,"column":66}},"18":{"start":{"line":30,"column":2},"end":{"line":30,"column":null}},"19":{"start":{"line":33,"column":15},"end":{"line":33,"column":null}}},"fnMap":{"0":{"name":"useCopyToClipboard","decl":{"start":{"line":6,"column":9},"end":{"line":6,"column":28}},"loc":{"start":{"line":6,"column":40},"end":{"line":31,"column":null}}},"1":{"name":"(anonymous_2)","decl":{"start":{"line":10,"column":41},"end":{"line":10,"column":null}},"loc":{"start":{"line":10,"column":41},"end":{"line":26,"column":5}}},"2":{"name":"(anonymous_3)","decl":{"start":{"line":18,"column":46},"end":{"line":18,"column":null}},"loc":{"start":{"line":18,"column":46},"end":{"line":20,"column":9}}},"3":{"name":"(anonymous_4)","decl":{"start":{"line":28,"column":12},"end":{"line":28,"column":18}},"loc":{"start":{"line":28,"column":18},"end":{"line":28,"column":66}}},"4":{"name":"(anonymous_5)","decl":{"start":{"line":28,"column":18},"end":{"line":28,"column":24}},"loc":{"start":{"line":28,"column":24},"end":{"line":28,"column":66}}}},"branchMap":{"0":{"loc":{"start":{"line":12,"column":4},"end":{"line":13,"column":null}},"type":"if","locations":[{"start":{"line":12,"column":4},"end":{"line":13,"column":null}}]}},"s":{"0":0,"1":0,"2":0,"3":0,"4":0,"5":0,"6":0,"7":0,"8":0,"9":0,"10":0,"11":0,"12":0,"13":0,"14":0,"15":0,"16":0,"17":0,"18":0,"19":0},"f":{"0":0,"1":0,"2":0,"3":0,"4":0},"b":{"0":[0]}},"/Users/raviranjan/Documents/agents/blog/config/index.ts":{"path":"/Users/raviranjan/Documents/agents/blog/config/index.ts","statementMap":{"0":{"start":{"line":1,"column":9},"end":{"line":1,"column":17}},"1":{"start":{"line":1,"column":17},"end":{"line":1,"column":33}},"2":{"start":{"line":5,"column":9},"end":{"line":5,"column":22}},"3":{"start":{"line":5,"column":22},"end":{"line":5,"column":41}},"4":{"start":{"line":3,"column":9},"end":{"line":3,"column":23}},"5":{"start":{"line":6,"column":9},"end":{"line":6,"column":27}},"6":{"start":{"line":1,"column":33},"end":{"line":1,"column":53}},"7":{"start":{"line":8,"column":9},"end":{"line":8,"column":21}},"8":{"start":{"line":8,"column":21},"end":{"line":8,"column":40}},"9":{"start":{"line":1,"column":53},"end":{"line":1,"column":null}},"10":{"start":{"line":3,"column":23},"end":{"line":3,"column":null}},"11":{"start":{"line":5,"column":41},"end":{"line":5,"column":null}},"12":{"start":{"line":6,"column":27},"end":{"line":6,"column":null}},"13":{"start":{"line":8,"column":40},"end":{"line":8,"column":null}}},"fnMap":{},"branchMap":{},"s":{"0":0,"1":0,"2":0,"3":0,"4":0,"5":0,"6":0,"7":0,"8":0,"9":0,"10":0,"11":0,"12":0,"13":0},"f":{},"b":{}},"/Users/raviranjan/Documents/agents/blog/components/Avatar/index.ts":{"path":"/Users/raviranjan/Documents/agents/blog/components/Avatar/index.ts","statementMap":{"0":{"start":{"line":1,"column":9},"end":{"line":1,"column":24}},"1":{"start":{"line":1,"column":24},"end":{"line":1,"column":null}}},"fnMap":{},"branchMap":{},"s":{"0":0,"1":0},"f":{},"b":{}},"/Users/raviranjan/Documents/agents/blog/components/AutoComplete/AutoComplete.tsx":{"path":"/Users/raviranjan/Documents/agents/blog/components/AutoComplete/AutoComplete.tsx","statementMap":{"0":{"start":{"line":10,"column":0},"end":{"line":10,"column":15}},"1":{"start":{"line":2,"column":48},"end":{"line":2,"column":null}},"2":{"start":{"line":10,"column":15},"end":{"line":10,"column":null}}},"fnMap":{"0":{"name":"AutoComplete","decl":{"start":{"line":6,"column":9},"end":{"line":6,"column":22}},"loc":{"start":{"line":6,"column":34},"end":{"line":8,"column":null}}}},"branchMap":{},"s":{"0":0,"1":0,"2":0},"f":{"0":0},"b":{}},"/Users/raviranjan/Documents/agents/blog/components/Avatar/Avatar.tsx":{"path":"/Users/raviranjan/Documents/agents/blog/components/Avatar/Avatar.tsx","statementMap":{"0":{"start":{"line":8,"column":0},"end":{"line":8,"column":15}},"1":{"start":{"line":2,"column":36},"end":{"line":2,"column":null}},"2":{"start":{"line":8,"column":15},"end":{"line":8,"column":null}}},"fnMap":{},"branchMap":{},"s":{"0":0,"1":0,"2":0},"f":{},"b":{}},"/Users/raviranjan/Documents/agents/blog/components/Badge/index.ts":{"path":"/Users/raviranjan/Documents/agents/blog/components/Badge/index.ts","statementMap":{"0":{"start":{"line":1,"column":9},"end":{"line":1,"column":18}},"1":{"start":{"line":1,"column":33},"end":{"line":1,"column":null}}},"fnMap":{},"branchMap":{},"s":{"0":0,"1":0},"f":{},"b":{}},"/Users/raviranjan/Documents/agents/blog/components/Anchor/Anchor.tsx":{"path":"/Users/raviranjan/Documents/agents/blog/components/Anchor/Anchor.tsx","statementMap":{"0":{"start":{"line":8,"column":0},"end":{"line":8,"column":15}},"1":{"start":{"line":2,"column":36},"end":{"line":2,"column":null}},"2":{"start":{"line":8,"column":15},"end":{"line":8,"column":null}}},"fnMap":{},"branchMap":{},"s":{"0":0,"1":0,"2":0},"f":{},"b":{}},"/Users/raviranjan/Documents/agents/blog/components/BackTop/index.ts":{"path":"/Users/raviranjan/Documents/agents/blog/components/BackTop/index.ts","statementMap":{"0":{"start":{"line":1,"column":9},"end":{"line":1,"column":24}},"1":{"start":{"line":1,"column":24},"end":{"line":1,"column":null}}},"fnMap":{},"branchMap":{},"s":{"0":0,"1":0},"f":{},"b":{}},"/Users/raviranjan/Documents/agents/blog/components/BackTop/BackTop.tsx":{"path":"/Users/raviranjan/Documents/agents/blog/components/BackTop/BackTop.tsx","statementMap":{"0":{"start":{"line":12,"column":0},"end":{"line":12,"column":15}},"1":{"start":{"line":4,"column":28},"end":{"line":4,"column":null}},"2":{"start":{"line":12,"column":15},"end":{"line":12,"column":null}}},"fnMap":{"0":{"name":"BackTop","decl":{"start":{"line":8,"column":9},"end":{"line":8,"column":17}},"loc":{"start":{"line":8,"column":29},"end":{"line":10,"column":null}}}},"branchMap":{},"s":{"0":0,"1":0,"2":0},"f":{"0":0},"b":{}},"/Users/raviranjan/Documents/agents/blog/components/Blockquote/Blockquote.tsx":{"path":"/Users/raviranjan/Documents/agents/blog/components/Blockquote/Blockquote.tsx","statementMap":{"0":{"start":{"line":22,"column":0},"end":{"line":22,"column":15}},"1":{"start":{"line":2,"column":15},"end":{"line":2,"column":null}},"2":{"start":{"line":3,"column":19},"end":{"line":3,"column":null}},"3":{"start":{"line":22,"column":15},"end":{"line":22,"column":null}}},"fnMap":{"0":{"name":"Blockquote","decl":{"start":{"line":7,"column":9},"end":{"line":7,"column":20}},"loc":{"start":{"line":7,"column":60},"end":{"line":20,"column":null}}}},"branchMap":{},"s":{"0":0,"1":0,"2":0,"3":0},"f":{"0":0},"b":{}},"/Users/raviranjan/Documents/agents/blog/components/Button/Button.tsx":{"path":"/Users/raviranjan/Documents/agents/blog/components/Button/Button.tsx","statementMap":{"0":{"start":{"line":8,"column":0},"end":{"line":8,"column":15}},"1":{"start":{"line":2,"column":36},"end":{"line":2,"column":null}},"2":{"start":{"line":8,"column":15},"end":{"line":8,"column":null}}},"fnMap":{},"branchMap":{},"s":{"0":0,"1":0,"2":0},"f":{},"b":{}},"/Users/raviranjan/Documents/agents/blog/components/Button/index.ts":{"path":"/Users/raviranjan/Documents/agents/blog/components/Button/index.ts","statementMap":{"0":{"start":{"line":1,"column":9},"end":{"line":1,"column":24}},"1":{"start":{"line":1,"column":24},"end":{"line":1,"column":null}}},"fnMap":{},"branchMap":{},"s":{"0":0,"1":0},"f":{},"b":{}},"/Users/raviranjan/Documents/agents/blog/components/BooksGrid/index.ts":{"path":"/Users/raviranjan/Documents/agents/blog/components/BooksGrid/index.ts","statementMap":{"0":{"start":{"line":1,"column":9},"end":{"line":1,"column":24}},"1":{"start":{"line":1,"column":24},"end":{"line":1,"column":null}}},"fnMap":{},"branchMap":{},"s":{"0":0,"1":0},"f":{},"b":{}},"/Users/raviranjan/Documents/agents/blog/components/index.ts":{"path":"/Users/raviranjan/Documents/agents/blog/components/index.ts","statementMap":{"0":{"start":{"line":14,"column":9},"end":{"line":14,"column":23}},"1":{"start":{"line":1,"column":20},"end":{"line":1,"column":35}},"2":{"start":{"line":2,"column":20},"end":{"line":2,"column":35}},"3":{"start":{"line":3,"column":20},"end":{"line":3,"column":37}},"4":{"start":{"line":4,"column":20},"end":{"line":4,"column":37}},"5":{"start":{"line":5,"column":20},"end":{"line":5,"column":35}},"6":{"start":{"line":6,"column":20},"end":{"line":6,"column":41}},"7":{"start":{"line":7,"column":20},"end":{"line":7,"column":34}},"8":{"start":{"line":8,"column":20},"end":{"line":8,"column":38}},"9":{"start":{"line":9,"column":20},"end":{"line":9,"column":34}},"10":{"start":{"line":10,"column":20},"end":{"line":10,"column":38}},"11":{"start":{"line":11,"column":20},"end":{"line":11,"column":42}},"12":{"start":{"line":12,"column":20},"end":{"line":12,"column":37}},"13":{"start":{"line":13,"column":20},"end":{"line":13,"column":37}},"14":{"start":{"line":14,"column":23},"end":{"line":14,"column":44}},"15":{"start":{"line":14,"column":44},"end":{"line":14,"column":68}},"16":{"start":{"line":15,"column":20},"end":{"line":15,"column":37}},"17":{"start":{"line":16,"column":20},"end":{"line":16,"column":39}},"18":{"start":{"line":1,"column":35},"end":{"line":1,"column":null}},"19":{"start":{"line":2,"column":35},"end":{"line":2,"column":null}},"20":{"start":{"line":3,"column":37},"end":{"line":3,"column":null}},"21":{"start":{"line":4,"column":37},"end":{"line":4,"column":null}},"22":{"start":{"line":5,"column":35},"end":{"line":5,"column":null}},"23":{"start":{"line":6,"column":41},"end":{"line":6,"column":null}},"24":{"start":{"line":7,"column":34},"end":{"line":7,"column":null}},"25":{"start":{"line":8,"column":38},"end":{"line":8,"column":null}},"26":{"start":{"line":9,"column":34},"end":{"line":9,"column":null}},"27":{"start":{"line":10,"column":38},"end":{"line":10,"column":null}},"28":{"start":{"line":11,"column":42},"end":{"line":11,"column":null}},"29":{"start":{"line":12,"column":37},"end":{"line":12,"column":null}},"30":{"start":{"line":13,"column":37},"end":{"line":13,"column":null}},"31":{"start":{"line":14,"column":68},"end":{"line":14,"column":null}},"32":{"start":{"line":15,"column":37},"end":{"line":15,"column":null}},"33":{"start":{"line":16,"column":39},"end":{"line":16,"column":null}}},"fnMap":{},"branchMap":{},"s":{"0":0,"1":0,"2":0,"3":0,"4":0,"5":0,"6":0,"7":0,"8":0,"9":0,"10":0,"11":0,"12":0,"13":0,"14":0,"15":0,"16":0,"17":0,"18":0,"19":0,"20":0,"21":0,"22":0,"23":0,"24":0,"25":0,"26":0,"27":0,"28":0,"29":0,"30":0,"31":0,"32":0,"33":0},"f":{},"b":{}},"/Users/raviranjan/Documents/agents/blog/components/Article/Article.tsx":{"path":"/Users/raviranjan/Documents/agents/blog/components/Article/Article.tsx","statementMap":{"0":{"start":{"line":43,"column":0},"end":{"line":43,"column":15}},"1":{"start":{"line":2,"column":22},"end":{"line":2,"column":null}},"2":{"start":{"line":3,"column":20},"end":{"line":3,"column":null}},"3":{"start":{"line":4,"column":24},"end":{"line":4,"column":null}},"4":{"start":{"line":5,"column":24},"end":{"line":5,"column":null}},"5":{"start":{"line":6,"column":27},"end":{"line":6,"column":null}},"6":{"start":{"line":7,"column":28},"end":{"line":7,"column":null}},"7":{"start":{"line":8,"column":27},"end":{"line":8,"column":null}},"8":{"start":{"line":9,"column":26},"end":{"line":9,"column":null}},"9":{"start":{"line":10,"column":23},"end":{"line":10,"column":null}},"10":{"start":{"line":11,"column":23},"end":{"line":11,"column":null}},"11":{"start":{"line":22,"column":49},"end":{"line":22,"column":null}},"12":{"start":{"line":23,"column":20},"end":{"line":23,"column":45}},"13":{"start":{"line":43,"column":15},"end":{"line":43,"column":null}}},"fnMap":{"0":{"name":"Article","decl":{"start":{"line":18,"column":9},"end":{"line":18,"column":17}},"loc":{"start":{"line":21,"column":8},"end":{"line":41,"column":null}}}},"branchMap":{"0":{"loc":{"start":{"line":20,"column":2},"end":{"line":20,"column":30}},"type":"default-arg","locations":[{"start":{"line":20,"column":12},"end":{"line":20,"column":30}}]},"1":{"loc":{"start":{"line":31,"column":18},"end":{"line":31,"column":null}},"type":"binary-expr","locations":[{"start":{"line":31,"column":18},"end":{"line":31,"column":30}},{"start":{"line":31,"column":30},"end":{"line":31,"column":null}}]}},"s":{"0":0,"1":0,"2":0,"3":0,"4":0,"5":0,"6":0,"7":0,"8":0,"9":0,"10":0,"11":0,"12":0,"13":0},"f":{"0":0},"b":{"0":[0],"1":[0,0]}},"/Users/raviranjan/Documents/agents/blog/components/Blockquote/index.ts":{"path":"/Users/raviranjan/Documents/agents/blog/components/Blockquote/index.ts","statementMap":{"0":{"start":{"line":1,"column":9},"end":{"line":1,"column":24}},"1":{"start":{"line":1,"column":24},"end":{"line":1,"column":null}}},"fnMap":{},"branchMap":{},"s":{"0":0,"1":0},"f":{},"b":{}},"/Users/raviranjan/Documents/agents/blog/components/Article/ArticleComments.tsx":{"path":"/Users/raviranjan/Documents/agents/blog/components/Article/ArticleComments.tsx","statementMap":{"0":{"start":{"line":25,"column":0},"end":{"line":25,"column":15}},"1":{"start":{"line":3,"column":27},"end":{"line":3,"column":null}},"2":{"start":{"line":4,"column":26},"end":{"line":4,"column":null}},"3":{"start":{"line":5,"column":15},"end":{"line":5,"column":null}},"4":{"start":{"line":6,"column":19},"end":{"line":6,"column":null}},"5":{"start":{"line":15,"column":2},"end":{"line":15,"column":null}},"6":{"start":{"line":25,"column":15},"end":{"line":25,"column":null}}},"fnMap":{"0":{"name":"ArticleComments","decl":{"start":{"line":12,"column":9},"end":{"line":12,"column":25}},"loc":{"start":{"line":14,"column":8},"end":{"line":23,"column":null}}}},"branchMap":{"0":{"loc":{"start":{"line":13,"column":2},"end":{"line":13,"column":28}},"type":"default-arg","locations":[{"start":{"line":13,"column":8},"end":{"line":13,"column":28}}]}},"s":{"0":0,"1":0,"2":0,"3":0,"4":0,"5":0,"6":0},"f":{"0":0},"b":{"0":[0]}},"/Users/raviranjan/Documents/agents/blog/components/Article/ArticleContent.tsx":{"path":"/Users/raviranjan/Documents/agents/blog/components/Article/ArticleContent.tsx","statementMap":{"0":{"start":{"line":19,"column":0},"end":{"line":19,"column":15}},"1":{"start":{"line":4,"column":16},"end":{"line":4,"column":null}},"2":{"start":{"line":5,"column":26},"end":{"line":5,"column":null}},"3":{"start":{"line":19,"column":15},"end":{"line":19,"column":null}}},"fnMap":{"0":{"name":"ArticleContent","decl":{"start":{"line":11,"column":9},"end":{"line":11,"column":24}},"loc":{"start":{"line":11,"column":41},"end":{"line":17,"column":null}}}},"branchMap":{},"s":{"0":0,"1":0,"2":0,"3":0},"f":{"0":0},"b":{}},"/Users/raviranjan/Documents/agents/blog/components/BooksGrid/BooksGrid.tsx":{"path":"/Users/raviranjan/Documents/agents/blog/components/BooksGrid/BooksGrid.tsx","statementMap":{"0":{"start":{"line":25,"column":0},"end":{"line":25,"column":15}},"1":{"start":{"line":2,"column":16},"end":{"line":2,"column":null}},"2":{"start":{"line":3,"column":16},"end":{"line":3,"column":null}},"3":{"start":{"line":4,"column":27},"end":{"line":4,"column":null}},"4":{"start":{"line":5,"column":21},"end":{"line":5,"column":null}},"5":{"start":{"line":16,"column":10},"end":{"line":16,"column":null}},"6":{"start":{"line":25,"column":15},"end":{"line":25,"column":null}}},"fnMap":{"0":{"name":"BooksGrid","decl":{"start":{"line":11,"column":9},"end":{"line":11,"column":19}},"loc":{"start":{"line":11,"column":54},"end":{"line":23,"column":null}}},"1":{"name":"(anonymous_3)","decl":{"start":{"line":15,"column":19},"end":{"line":15,"column":null}},"loc":{"start":{"line":16,"column":10},"end":{"line":16,"column":null}}}},"branchMap":{"0":{"loc":{"start":{"line":11,"column":21},"end":{"line":11,"column":45}},"type":"default-arg","locations":[{"start":{"line":11,"column":29},"end":{"line":11,"column":45}}]}},"s":{"0":0,"1":0,"2":0,"3":0,"4":0,"5":0,"6":0},"f":{"0":0,"1":0},"b":{"0":[0]}},"/Users/raviranjan/Documents/agents/blog/components/BooksGrid/BookCard.tsx":{"path":"/Users/raviranjan/Documents/agents/blog/components/BooksGrid/BookCard.tsx","statementMap":{"0":{"start":{"line":33,"column":0},"end":{"line":33,"column":15}},"1":{"start":{"line":4,"column":18},"end":{"line":4,"column":null}},"2":{"start":{"line":5,"column":27},"end":{"line":5,"column":null}},"3":{"start":{"line":6,"column":33},"end":{"line":6,"column":null}},"4":{"start":{"line":7,"column":21},"end":{"line":7,"column":null}},"5":{"start":{"line":8,"column":31},"end":{"line":8,"column":null}},"6":{"start":{"line":15,"column":46},"end":{"line":15,"column":null}},"7":{"start":{"line":33,"column":15},"end":{"line":33,"column":null}}},"fnMap":{"0":{"name":"BookCard","decl":{"start":{"line":14,"column":9},"end":{"line":14,"column":18}},"loc":{"start":{"line":14,"column":33},"end":{"line":31,"column":null}}}},"branchMap":{},"s":{"0":0,"1":0,"2":0,"3":0,"4":0,"5":0,"6":0,"7":0},"f":{"0":0},"b":{}},"/Users/raviranjan/Documents/agents/blog/components/Article/ArticleToc.tsx":{"path":"/Users/raviranjan/Documents/agents/blog/components/Article/ArticleToc.tsx","statementMap":{"0":{"start":{"line":38,"column":0},"end":{"line":38,"column":15}},"1":{"start":{"line":3,"column":19},"end":{"line":3,"column":null}},"2":{"start":{"line":4,"column":36},"end":{"line":4,"column":null}},"3":{"start":{"line":5,"column":19},"end":{"line":5,"column":null}},"4":{"start":{"line":19,"column":34},"end":{"line":19,"column":null}},"5":{"start":{"line":21,"column":2},"end":{"line":29,"column":null}},"6":{"start":{"line":22,"column":18},"end":{"line":22,"column":null}},"7":{"start":{"line":23,"column":21},"end":{"line":27,"column":null}},"8":{"start":{"line":23,"column":52},"end":{"line":27,"column":null}},"9":{"start":{"line":28,"column":4},"end":{"line":28,"column":null}},"10":{"start":{"line":38,"column":15},"end":{"line":38,"column":null}}},"fnMap":{"0":{"name":"ArticleToc","decl":{"start":{"line":18,"column":9},"end":{"line":18,"column":20}},"loc":{"start":{"line":18,"column":49},"end":{"line":36,"column":null}}},"1":{"name":"(anonymous_3)","decl":{"start":{"line":21,"column":12},"end":{"line":21,"column":null}},"loc":{"start":{"line":21,"column":12},"end":{"line":29,"column":5}}},"2":{"name":"(anonymous_4)","decl":{"start":{"line":23,"column":43},"end":{"line":23,"column":52}},"loc":{"start":{"line":23,"column":52},"end":{"line":27,"column":null}}}},"branchMap":{"0":{"loc":{"start":{"line":18,"column":28},"end":{"line":18,"column":40}},"type":"default-arg","locations":[{"start":{"line":18,"column":37},"end":{"line":18,"column":40}}]}},"s":{"0":0,"1":0,"2":0,"3":0,"4":0,"5":0,"6":0,"7":0,"8":0,"9":0,"10":0},"f":{"0":0,"1":0,"2":0},"b":{"0":[0]}},"/Users/raviranjan/Documents/agents/blog/components/Article/index.ts":{"path":"/Users/raviranjan/Documents/agents/blog/components/Article/index.ts","statementMap":{"0":{"start":{"line":1,"column":9},"end":{"line":1,"column":24}},"1":{"start":{"line":1,"column":24},"end":{"line":1,"column":null}}},"fnMap":{},"branchMap":{},"s":{"0":0,"1":0},"f":{},"b":{}},"/Users/raviranjan/Documents/agents/blog/components/Card/index.ts":{"path":"/Users/raviranjan/Documents/agents/blog/components/Card/index.ts","statementMap":{"0":{"start":{"line":1,"column":9},"end":{"line":1,"column":15}},"1":{"start":{"line":1,"column":15},"end":{"line":1,"column":27}},"2":{"start":{"line":1,"column":27},"end":{"line":1,"column":null}}},"fnMap":{},"branchMap":{},"s":{"0":0,"1":0,"2":0},"f":{},"b":{}},"/Users/raviranjan/Documents/agents/blog/components/Article/ArticleNav.tsx":{"path":"/Users/raviranjan/Documents/agents/blog/components/Article/ArticleNav.tsx","statementMap":{"0":{"start":{"line":47,"column":0},"end":{"line":47,"column":15}},"1":{"start":{"line":2,"column":26},"end":{"line":2,"column":null}},"2":{"start":{"line":3,"column":44},"end":{"line":3,"column":null}},"3":{"start":{"line":4,"column":17},"end":{"line":4,"column":null}},"4":{"start":{"line":5,"column":23},"end":{"line":5,"column":null}},"5":{"start":{"line":47,"column":15},"end":{"line":47,"column":null}}},"fnMap":{"0":{"name":"ArticleNav","decl":{"start":{"line":12,"column":9},"end":{"line":12,"column":20}},"loc":{"start":{"line":12,"column":49},"end":{"line":45,"column":null}}}},"branchMap":{"0":{"loc":{"start":{"line":17,"column":16},"end":{"line":17,"column":null}},"type":"cond-expr","locations":[{"start":{"line":17,"column":27},"end":{"line":17,"column":51}},{"start":{"line":17,"column":54},"end":{"line":17,"column":null}}]},"1":{"loc":{"start":{"line":22,"column":16},"end":{"line":25,"column":17}},"type":"cond-expr","locations":[{"start":{"line":22,"column":16},"end":{"line":25,"column":17}}]},"2":{"loc":{"start":{"line":31,"column":16},"end":{"line":31,"column":null}},"type":"cond-expr","locations":[{"start":{"line":31,"column":27},"end":{"line":31,"column":51}},{"start":{"line":31,"column":54},"end":{"line":31,"column":null}}]},"3":{"loc":{"start":{"line":36,"column":16},"end":{"line":39,"column":17}},"type":"cond-expr","locations":[{"start":{"line":36,"column":16},"end":{"line":39,"column":17}}]}},"s":{"0":0,"1":0,"2":0,"3":0,"4":0,"5":0},"f":{"0":0},"b":{"0":[0,0],"1":[0],"2":[0,0],"3":[0]}},"/Users/raviranjan/Documents/agents/blog/components/Checkbox/index.ts":{"path":"/Users/raviranjan/Documents/agents/blog/components/Checkbox/index.ts","statementMap":{"0":{"start":{"line":1,"column":9},"end":{"line":1,"column":24}},"1":{"start":{"line":1,"column":24},"end":{"line":1,"column":null}}},"fnMap":{},"branchMap":{},"s":{"0":0,"1":0},"f":{},"b":{}},"/Users/raviranjan/Documents/agents/blog/components/Card/Card.tsx":{"path":"/Users/raviranjan/Documents/agents/blog/components/Card/Card.tsx","statementMap":{"0":{"start":{"line":15,"column":9},"end":{"line":15,"column":13}},"1":{"start":{"line":15,"column":15},"end":{"line":15,"column":19}},"2":{"start":{"line":2,"column":32},"end":{"line":2,"column":null}},"3":{"start":{"line":3,"column":15},"end":{"line":3,"column":null}}},"fnMap":{"0":{"name":"Card","decl":{"start":{"line":9,"column":9},"end":{"line":9,"column":14}},"loc":{"start":{"line":9,"column":44},"end":{"line":11,"column":null}}}},"branchMap":{},"s":{"0":0,"1":0,"2":0,"3":0},"f":{"0":0},"b":{}},"/Users/raviranjan/Documents/agents/blog/components/Col/index.ts":{"path":"/Users/raviranjan/Documents/agents/blog/components/Col/index.ts","statementMap":{"0":{"start":{"line":1,"column":9},"end":{"line":1,"column":24}},"1":{"start":{"line":1,"column":24},"end":{"line":1,"column":null}}},"fnMap":{},"branchMap":{},"s":{"0":0,"1":0},"f":{},"b":{}},"/Users/raviranjan/Documents/agents/blog/components/Container/Container.tsx":{"path":"/Users/raviranjan/Documents/agents/blog/components/Container/Container.tsx","statementMap":{"0":{"start":{"line":24,"column":0},"end":{"line":24,"column":15}},"1":{"start":{"line":2,"column":15},"end":{"line":2,"column":null}},"2":{"start":{"line":24,"column":15},"end":{"line":24,"column":null}}},"fnMap":{"0":{"name":"Container","decl":{"start":{"line":10,"column":9},"end":{"line":10,"column":19}},"loc":{"start":{"line":10,"column":59},"end":{"line":22,"column":null}}}},"branchMap":{},"s":{"0":0,"1":0,"2":0},"f":{"0":0},"b":{}},"/Users/raviranjan/Documents/agents/blog/components/CopyButton/index.ts":{"path":"/Users/raviranjan/Documents/agents/blog/components/CopyButton/index.ts","statementMap":{"0":{"start":{"line":1,"column":9},"end":{"line":1,"column":24}},"1":{"start":{"line":1,"column":24},"end":{"line":1,"column":null}}},"fnMap":{},"branchMap":{},"s":{"0":0,"1":0},"f":{},"b":{}},"/Users/raviranjan/Documents/agents/blog/components/Container/index.ts":{"path":"/Users/raviranjan/Documents/agents/blog/components/Container/index.ts","statementMap":{"0":{"start":{"line":1,"column":9},"end":{"line":1,"column":24}},"1":{"start":{"line":1,"column":24},"end":{"line":1,"column":null}}},"fnMap":{},"branchMap":{},"s":{"0":0,"1":0},"f":{},"b":{}},"/Users/raviranjan/Documents/agents/blog/components/CopyButton/CopyButton.tsx":{"path":"/Users/raviranjan/Documents/agents/blog/components/CopyButton/CopyButton.tsx","statementMap":{"0":{"start":{"line":42,"column":0},"end":{"line":42,"column":15}},"1":{"start":{"line":3,"column":28},"end":{"line":3,"column":null}},"2":{"start":{"line":4,"column":23},"end":{"line":4,"column":null}},"3":{"start":{"line":5,"column":35},"end":{"line":5,"column":null}},"4":{"start":{"line":6,"column":15},"end":{"line":6,"column":null}},"5":{"start":{"line":7,"column":33},"end":{"line":7,"column":null}},"6":{"start":{"line":8,"column":19},"end":{"line":8,"column":null}},"7":{"start":{"line":16,"column":27},"end":{"line":16,"column":null}},"8":{"start":{"line":17,"column":29},"end":{"line":17,"column":null}},"9":{"start":{"line":42,"column":15},"end":{"line":42,"column":null}}},"fnMap":{"0":{"name":"CopyButton","decl":{"start":{"line":15,"column":9},"end":{"line":15,"column":20}},"loc":{"start":{"line":15,"column":46},"end":{"line":40,"column":null}}}},"branchMap":{},"s":{"0":0,"1":0,"2":0,"3":0,"4":0,"5":0,"6":0,"7":0,"8":0,"9":0},"f":{"0":0},"b":{}},"/Users/raviranjan/Documents/agents/blog/components/Divider/index.ts":{"path":"/Users/raviranjan/Documents/agents/blog/components/Divider/index.ts","statementMap":{"0":{"start":{"line":1,"column":9},"end":{"line":1,"column":24}},"1":{"start":{"line":1,"column":24},"end":{"line":1,"column":null}}},"fnMap":{},"branchMap":{},"s":{"0":0,"1":0},"f":{},"b":{}},"/Users/raviranjan/Documents/agents/blog/components/Article/ArticleHeader.tsx":{"path":"/Users/raviranjan/Documents/agents/blog/components/Article/ArticleHeader.tsx","statementMap":{"0":{"start":{"line":43,"column":0},"end":{"line":43,"column":15}},"1":{"start":{"line":2,"column":19},"end":{"line":2,"column":null}},"2":{"start":{"line":3,"column":44},"end":{"line":3,"column":null}},"3":{"start":{"line":4,"column":22},"end":{"line":4,"column":null}},"4":{"start":{"line":5,"column":33},"end":{"line":5,"column":null}},"5":{"start":{"line":6,"column":27},"end":{"line":6,"column":null}},"6":{"start":{"line":7,"column":19},"end":{"line":7,"column":null}},"7":{"start":{"line":22,"column":16},"end":{"line":22,"column":42}},"8":{"start":{"line":43,"column":15},"end":{"line":43,"column":null}}},"fnMap":{"0":{"name":"ArticleHeader","decl":{"start":{"line":13,"column":9},"end":{"line":13,"column":23}},"loc":{"start":{"line":15,"column":8},"end":{"line":41,"column":null}}},"1":{"name":"(anonymous_3)","decl":{"start":{"line":21,"column":23},"end":{"line":21,"column":24}},"loc":{"start":{"line":21,"column":24},"end":{"line":23,"column":null}}}},"branchMap":{"0":{"loc":{"start":{"line":21,"column":14},"end":{"line":23,"column":null}},"type":"cond-expr","locations":[{"start":{"line":21,"column":14},"end":{"line":23,"column":null}}]},"1":{"loc":{"start":{"line":30,"column":15},"end":{"line":30,"column":null}},"type":"cond-expr","locations":[{"start":{"line":30,"column":38},"end":{"line":30,"column":76}},{"start":{"line":30,"column":76},"end":{"line":30,"column":null}}]},"2":{"loc":{"start":{"line":34,"column":15},"end":{"line":34,"column":null}},"type":"cond-expr","locations":[{"start":{"line":34,"column":38},"end":{"line":34,"column":76}},{"start":{"line":34,"column":76},"end":{"line":34,"column":null}}]}},"s":{"0":0,"1":0,"2":0,"3":0,"4":0,"5":0,"6":0,"7":0,"8":0},"f":{"0":0,"1":0},"b":{"0":[0],"1":[0,0],"2":[0,0]}},"/Users/raviranjan/Documents/agents/blog/components/Divider/Divider.tsx":{"path":"/Users/raviranjan/Documents/agents/blog/components/Divider/Divider.tsx","statementMap":{"0":{"start":{"line":23,"column":0},"end":{"line":23,"column":15}},"1":{"start":{"line":2,"column":38},"end":{"line":2,"column":null}},"2":{"start":{"line":3,"column":15},"end":{"line":3,"column":null}},"3":{"start":{"line":4,"column":19},"end":{"line":4,"column":null}},"4":{"start":{"line":23,"column":15},"end":{"line":23,"column":null}}},"fnMap":{"0":{"name":"Divider","decl":{"start":{"line":8,"column":9},"end":{"line":8,"column":17}},"loc":{"start":{"line":12,"column":8},"end":{"line":21,"column":null}}}},"branchMap":{"0":{"loc":{"start":{"line":9,"column":2},"end":{"line":9,"column":21}},"type":"default-arg","locations":[{"start":{"line":9,"column":9},"end":{"line":9,"column":21}}]}},"s":{"0":0,"1":0,"2":0,"3":0,"4":0},"f":{"0":0},"b":{"0":[0]}},"/Users/raviranjan/Documents/agents/blog/components/Checkbox/Checkbox.tsx":{"path":"/Users/raviranjan/Documents/agents/blog/components/Checkbox/Checkbox.tsx","statementMap":{"0":{"start":{"line":8,"column":0},"end":{"line":8,"column":15}},"1":{"start":{"line":2,"column":40},"end":{"line":2,"column":null}},"2":{"start":{"line":8,"column":15},"end":{"line":8,"column":null}}},"fnMap":{},"branchMap":{},"s":{"0":0,"1":0,"2":0},"f":{},"b":{}},"/Users/raviranjan/Documents/agents/blog/components/Editor/Editor.tsx":{"path":"/Users/raviranjan/Documents/agents/blog/components/Editor/Editor.tsx","statementMap":{"0":{"start":{"line":66,"column":0},"end":{"line":66,"column":15}},"1":{"start":{"line":3,"column":25},"end":{"line":3,"column":null}},"2":{"start":{"line":4,"column":27},"end":{"line":4,"column":null}},"3":{"start":{"line":5,"column":25},"end":{"line":5,"column":null}},"4":{"start":{"line":6,"column":34},"end":{"line":6,"column":null}},"5":{"start":{"line":25,"column":23},"end":{"line":25,"column":null}},"6":{"start":{"line":26,"column":16},"end":{"line":43,"column":null}},"7":{"start":{"line":28,"column":25},"end":{"line":28,"column":null}},"8":{"start":{"line":29,"column":26},"end":{"line":29,"column":51}},"9":{"start":{"line":31,"column":23},"end":{"line":31,"column":48}},"10":{"start":{"line":32,"column":23},"end":{"line":32,"column":null}},"11":{"start":{"line":33,"column":23},"end":{"line":33,"column":null}},"12":{"start":{"line":34,"column":19},"end":{"line":34,"column":45}},"13":{"start":{"line":37,"column":6},"end":{"line":39,"column":null}},"14":{"start":{"line":41,"column":6},"end":{"line":41,"column":null}},"15":{"start":{"line":66,"column":15},"end":{"line":66,"column":null}}},"fnMap":{"0":{"name":"Editor","decl":{"start":{"line":23,"column":9},"end":{"line":23,"column":16}},"loc":{"start":{"line":23,"column":58},"end":{"line":64,"column":null}}},"1":{"name":"(anonymous_2)","decl":{"start":{"line":27,"column":4},"end":{"line":27,"column":5}},"loc":{"start":{"line":27,"column":47},"end":{"line":42,"column":null}}}},"branchMap":{"0":{"loc":{"start":{"line":23,"column":18},"end":{"line":23,"column":39}},"type":"default-arg","locations":[{"start":{"line":23,"column":29},"end":{"line":23,"column":39}}]}},"s":{"0":0,"1":0,"2":0,"3":0,"4":0,"5":0,"6":0,"7":0,"8":0,"9":0,"10":0,"11":0,"12":0,"13":0,"14":0,"15":0},"f":{"0":0,"1":0},"b":{"0":[0]}},"/Users/raviranjan/Documents/agents/blog/components/ErrorBoundary/index.ts":{"path":"/Users/raviranjan/Documents/agents/blog/components/ErrorBoundary/index.ts","statementMap":{"0":{"start":{"line":1,"column":9},"end":{"line":1,"column":24}},"1":{"start":{"line":1,"column":24},"end":{"line":1,"column":null}}},"fnMap":{},"branchMap":{},"s":{"0":0,"1":0},"f":{},"b":{}},"/Users/raviranjan/Documents/agents/blog/components/Editor/utils.ts":{"path":"/Users/raviranjan/Documents/agents/blog/components/Editor/utils.ts","statementMap":{"0":{"start":{"line":33,"column":9},"end":{"line":33,"column":null}},"1":{"start":{"line":2,"column":2},"end":{"line":20,"column":null}},"2":{"start":{"line":4,"column":6},"end":{"line":4,"column":null}},"3":{"start":{"line":7,"column":6},"end":{"line":7,"column":null}},"4":{"start":{"line":10,"column":6},"end":{"line":10,"column":null}},"5":{"start":{"line":12,"column":6},"end":{"line":12,"column":null}},"6":{"start":{"line":14,"column":6},"end":{"line":14,"column":null}},"7":{"start":{"line":16,"column":6},"end":{"line":16,"column":null}},"8":{"start":{"line":19,"column":6},"end":{"line":19,"column":null}},"9":{"start":{"line":24,"column":2},"end":{"line":25,"column":null}},"10":{"start":{"line":25,"column":4},"end":{"line":25,"column":null}},"11":{"start":{"line":27,"column":2},"end":{"line":28,"column":null}},"12":{"start":{"line":28,"column":4},"end":{"line":28,"column":null}},"13":{"start":{"line":30,"column":2},"end":{"line":30,"column":null}}},"fnMap":{"0":{"name":"languageToFilepath","decl":{"start":{"line":1,"column":9},"end":{"line":1,"column":28}},"loc":{"start":{"line":1,"column":45},"end":{"line":21,"column":null}}},"1":{"name":"normalizeFilepath","decl":{"start":{"line":23,"column":9},"end":{"line":23,"column":27}},"loc":{"start":{"line":23,"column":63},"end":{"line":31,"column":null}}}},"branchMap":{"0":{"loc":{"start":{"line":2,"column":2},"end":{"line":20,"column":null}},"type":"switch","locations":[{"start":{"line":3,"column":4},"end":{"line":4,"column":null}},{"start":{"line":5,"column":4},"end":{"line":5,"column":null}},{"start":{"line":6,"column":4},"end":{"line":7,"column":null}},{"start":{"line":8,"column":4},"end":{"line":8,"column":null}},{"start":{"line":9,"column":4},"end":{"line":10,"column":null}},{"start":{"line":11,"column":4},"end":{"line":12,"column":null}},{"start":{"line":13,"column":4},"end":{"line":14,"column":null}},{"start":{"line":15,"column":4},"end":{"line":16,"column":null}},{"start":{"line":17,"column":4},"end":{"line":17,"column":null}},{"start":{"line":18,"column":4},"end":{"line":19,"column":null}}]},"1":{"loc":{"start":{"line":24,"column":2},"end":{"line":25,"column":null}},"type":"if","locations":[{"start":{"line":24,"column":2},"end":{"line":25,"column":null}}]},"2":{"loc":{"start":{"line":24,"column":6},"end":{"line":24,"column":null}},"type":"binary-expr","locations":[{"start":{"line":24,"column":6},"end":{"line":24,"column":26}},{"start":{"line":24,"column":26},"end":{"line":24,"column":null}}]},"3":{"loc":{"start":{"line":27,"column":2},"end":{"line":28,"column":null}},"type":"if","locations":[{"start":{"line":27,"column":2},"end":{"line":28,"column":null}}]}},"s":{"0":0,"1":0,"2":0,"3":0,"4":0,"5":0,"6":0,"7":0,"8":0,"9":0,"10":0,"11":0,"12":0,"13":0},"f":{"0":0,"1":0},"b":{"0":[0,0,0,0,0,0,0,0,0,0],"1":[0],"2":[0,0],"3":[0]}},"/Users/raviranjan/Documents/agents/blog/components/ErrorBoundary/ErrorBoundary.tsx":{"path":"/Users/raviranjan/Documents/agents/blog/components/ErrorBoundary/ErrorBoundary.tsx","statementMap":{"0":{"start":{"line":67,"column":0},"end":{"line":67,"column":15}},"1":{"start":{"line":4,"column":22},"end":{"line":4,"column":null}},"2":{"start":{"line":5,"column":19},"end":{"line":5,"column":null}},"3":{"start":{"line":6,"column":21},"end":{"line":6,"column":null}},"4":{"start":{"line":7,"column":26},"end":{"line":7,"column":null}},"5":{"start":{"line":27,"column":4},"end":{"line":31,"column":null}},"6":{"start":{"line":35,"column":32},"end":{"line":35,"column":42}},"7":{"start":{"line":36,"column":25},"end":{"line":36,"column":35}},"8":{"start":{"line":38,"column":26},"end":{"line":38,"column":null}},"9":{"start":{"line":40,"column":4},"end":{"line":61,"column":null}},"10":{"start":{"line":63,"column":4},"end":{"line":63,"column":null}},"11":{"start":{"line":20,"column":11},"end":{"line":24,"column":null}},"12":{"start":{"line":67,"column":15},"end":{"line":67,"column":null}}},"fnMap":{"0":{"name":"(anonymous_2)","decl":{"start":{"line":26,"column":9},"end":{"line":26,"column":27}},"loc":{"start":{"line":26,"column":69},"end":{"line":32,"column":null}}},"1":{"name":"(anonymous_3)","decl":{"start":{"line":34,"column":9},"end":{"line":34,"column":18}},"loc":{"start":{"line":34,"column":18},"end":{"line":64,"column":null}}}},"branchMap":{"0":{"loc":{"start":{"line":40,"column":4},"end":{"line":61,"column":null}},"type":"if","locations":[{"start":{"line":40,"column":4},"end":{"line":61,"column":null}}]},"1":{"loc":{"start":{"line":40,"column":8},"end":{"line":40,"column":35}},"type":"binary-expr","locations":[{"start":{"line":40,"column":8},"end":{"line":40,"column":20}},{"start":{"line":40,"column":20},"end":{"line":40,"column":35}}]}},"s":{"0":0,"1":0,"2":0,"3":0,"4":0,"5":0,"6":0,"7":0,"8":0,"9":0,"10":0,"11":0,"12":0},"f":{"0":0,"1":0},"b":{"0":[0],"1":[0,0]}},"/Users/raviranjan/Documents/agents/blog/components/CodeBlocks/InlineCode.tsx":{"path":"/Users/raviranjan/Documents/agents/blog/components/CodeBlocks/InlineCode.tsx","statementMap":{"0":{"start":{"line":23,"column":0},"end":{"line":23,"column":15}},"1":{"start":{"line":1,"column":15},"end":{"line":1,"column":null}},"2":{"start":{"line":2,"column":19},"end":{"line":2,"column":null}},"3":{"start":{"line":23,"column":15},"end":{"line":23,"column":null}}},"fnMap":{"0":{"name":"InlineCode","decl":{"start":{"line":9,"column":9},"end":{"line":9,"column":20}},"loc":{"start":{"line":9,"column":50},"end":{"line":21,"column":null}}}},"branchMap":{},"s":{"0":0,"1":0,"2":0,"3":0},"f":{"0":0},"b":{}},"/Users/raviranjan/Documents/agents/blog/components/CodeBlocks/LiveCode.tsx":{"path":"/Users/raviranjan/Documents/agents/blog/components/CodeBlocks/LiveCode.tsx","statementMap":{"0":{"start":{"line":38,"column":0},"end":{"line":38,"column":15}},"1":{"start":{"line":2,"column":18},"end":{"line":2,"column":null}},"2":{"start":{"line":8,"column":7},"end":{"line":8,"column":null}},"3":{"start":{"line":9,"column":19},"end":{"line":9,"column":null}},"4":{"start":{"line":10,"column":18},"end":{"line":10,"column":null}},"5":{"start":{"line":17,"column":14},"end":{"line":19,"column":null}},"6":{"start":{"line":38,"column":15},"end":{"line":38,"column":null}}},"fnMap":{"0":{"name":"LiveCode","decl":{"start":{"line":21,"column":9},"end":{"line":21,"column":18}},"loc":{"start":{"line":21,"column":47},"end":{"line":36,"column":null}}}},"branchMap":{},"s":{"0":0,"1":0,"2":0,"3":0,"4":0,"5":0,"6":0},"f":{"0":0},"b":{}},"/Users/raviranjan/Documents/agents/blog/components/CodeBlocks/index.ts":{"path":"/Users/raviranjan/Documents/agents/blog/components/CodeBlocks/index.ts","statementMap":{"0":{"start":{"line":1,"column":20},"end":{"line":1,"column":38}},"1":{"start":{"line":2,"column":20},"end":{"line":2,"column":31}},"2":{"start":{"line":1,"column":38},"end":{"line":1,"column":null}},"3":{"start":{"line":2,"column":31},"end":{"line":2,"column":null}}},"fnMap":{},"branchMap":{},"s":{"0":0,"1":0,"2":0,"3":0},"f":{},"b":{}},"/Users/raviranjan/Documents/agents/blog/components/Editor/index.ts":{"path":"/Users/raviranjan/Documents/agents/blog/components/Editor/index.ts","statementMap":{"0":{"start":{"line":1,"column":9},"end":{"line":1,"column":24}},"1":{"start":{"line":1,"column":24},"end":{"line":1,"column":null}}},"fnMap":{},"branchMap":{},"s":{"0":0,"1":0},"f":{},"b":{}},"/Users/raviranjan/Documents/agents/blog/components/Col/Col.tsx":{"path":"/Users/raviranjan/Documents/agents/blog/components/Col/Col.tsx","statementMap":{"0":{"start":{"line":8,"column":0},"end":{"line":8,"column":15}},"1":{"start":{"line":2,"column":30},"end":{"line":2,"column":null}},"2":{"start":{"line":8,"column":15},"end":{"line":8,"column":null}}},"fnMap":{},"branchMap":{},"s":{"0":0,"1":0,"2":0},"f":{},"b":{}},"/Users/raviranjan/Documents/agents/blog/components/CodeBlocks/monokai.ts":{"path":"/Users/raviranjan/Documents/agents/blog/components/CodeBlocks/monokai.ts","statementMap":{"0":{"start":{"line":91,"column":0},"end":{"line":91,"column":15}},"1":{"start":{"line":3,"column":26},"end":{"line":89,"column":null}},"2":{"start":{"line":91,"column":15},"end":{"line":91,"column":null}}},"fnMap":{},"branchMap":{},"s":{"0":0,"1":0,"2":0},"f":{},"b":{}},"/Users/raviranjan/Documents/agents/blog/components/FlexContainer/index.ts":{"path":"/Users/raviranjan/Documents/agents/blog/components/FlexContainer/index.ts","statementMap":{"0":{"start":{"line":1,"column":9},"end":{"line":1,"column":24}},"1":{"start":{"line":1,"column":24},"end":{"line":1,"column":null}}},"fnMap":{},"branchMap":{},"s":{"0":0,"1":0},"f":{},"b":{}},"/Users/raviranjan/Documents/agents/blog/components/FlexContainer/FlexContainer.tsx":{"path":"/Users/raviranjan/Documents/agents/blog/components/FlexContainer/FlexContainer.tsx","statementMap":{"0":{"start":{"line":28,"column":0},"end":{"line":28,"column":15}},"1":{"start":{"line":2,"column":15},"end":{"line":2,"column":null}},"2":{"start":{"line":28,"column":15},"end":{"line":28,"column":null}}},"fnMap":{"0":{"name":"FlexContainer","decl":{"start":{"line":10,"column":9},"end":{"line":10,"column":23}},"loc":{"start":{"line":14,"column":8},"end":{"line":26,"column":null}}}},"branchMap":{},"s":{"0":0,"1":0,"2":0},"f":{"0":0},"b":{}},"/Users/raviranjan/Documents/agents/blog/components/Footer/FooterTime.tsx":{"path":"/Users/raviranjan/Documents/agents/blog/components/Footer/FooterTime.tsx","statementMap":{"0":{"start":{"line":9,"column":24},"end":{"line":9,"column":35}}},"fnMap":{"0":{"name":"FooterTime","decl":{"start":{"line":9,"column":24},"end":{"line":9,"column":35}},"loc":{"start":{"line":9,"column":55},"end":{"line":24,"column":null}}}},"branchMap":{},"s":{"0":0},"f":{"0":0},"b":{}},"/Users/raviranjan/Documents/agents/blog/components/CodeBlocks/utils.ts":{"path":"/Users/raviranjan/Documents/agents/blog/components/CodeBlocks/utils.ts","statementMap":{"0":{"start":{"line":62,"column":2},"end":{"line":62,"column":15}},"1":{"start":{"line":63,"column":2},"end":{"line":63,"column":19}},"2":{"start":{"line":64,"column":2},"end":{"line":64,"column":23}},"3":{"start":{"line":65,"column":2},"end":{"line":65,"column":16}},"4":{"start":{"line":2,"column":30},"end":{"line":2,"column":null}},"5":{"start":{"line":4,"column":22},"end":{"line":4,"column":null}},"6":{"start":{"line":4,"column":45},"end":{"line":4,"column":null}},"7":{"start":{"line":7,"column":2},"end":{"line":7,"column":null}},"8":{"start":{"line":11,"column":2},"end":{"line":16,"column":null}},"9":{"start":{"line":12,"column":21},"end":{"line":12,"column":null}},"10":{"start":{"line":14,"column":4},"end":{"line":15,"column":null}},"11":{"start":{"line":15,"column":6},"end":{"line":15,"column":null}},"12":{"start":{"line":18,"column":2},"end":{"line":18,"column":null}},"13":{"start":{"line":22,"column":2},"end":{"line":54,"column":null}},"14":{"start":{"line":24,"column":6},"end":{"line":24,"column":null}},"15":{"start":{"line":26,"column":6},"end":{"line":26,"column":null}},"16":{"start":{"line":29,"column":6},"end":{"line":29,"column":null}},"17":{"start":{"line":31,"column":6},"end":{"line":31,"column":null}},"18":{"start":{"line":33,"column":6},"end":{"line":33,"column":null}},"19":{"start":{"line":36,"column":6},"end":{"line":36,"column":null}},"20":{"start":{"line":39,"column":6},"end":{"line":39,"column":null}},"21":{"start":{"line":42,"column":6},"end":{"line":42,"column":null}},"22":{"start":{"line":45,"column":6},"end":{"line":45,"column":null}},"23":{"start":{"line":48,"column":6},"end":{"line":48,"column":null}},"24":{"start":{"line":51,"column":6},"end":{"line":51,"column":null}},"25":{"start":{"line":53,"column":6},"end":{"line":53,"column":null}},"26":{"start":{"line":58,"column":2},"end":{"line":58,"column":null}}},"fnMap":{"0":{"name":"(anonymous_6)","decl":{"start":{"line":4,"column":22},"end":{"line":4,"column":23}},"loc":{"start":{"line":4,"column":45},"end":{"line":4,"column":null}}},"1":{"name":"isLanguage","decl":{"start":{"line":6,"column":9},"end":{"line":6,"column":20}},"loc":{"start":{"line":6,"column":36},"end":{"line":8,"column":null}}},"2":{"name":"normalizeLanguage","decl":{"start":{"line":10,"column":9},"end":{"line":10,"column":27}},"loc":{"start":{"line":10,"column":49},"end":{"line":19,"column":null}}},"3":{"name":"normalizeLanguageName","decl":{"start":{"line":21,"column":9},"end":{"line":21,"column":31}},"loc":{"start":{"line":21,"column":47},"end":{"line":55,"column":null}}},"4":{"name":"normalizeLines","decl":{"start":{"line":57,"column":9},"end":{"line":57,"column":24}},"loc":{"start":{"line":57,"column":42},"end":{"line":59,"column":null}}}},"branchMap":{"0":{"loc":{"start":{"line":4,"column":23},"end":{"line":4,"column":40}},"type":"default-arg","locations":[{"start":{"line":4,"column":38},"end":{"line":4,"column":40}}]},"1":{"loc":{"start":{"line":11,"column":2},"end":{"line":16,"column":null}},"type":"if","locations":[{"start":{"line":11,"column":2},"end":{"line":16,"column":null}}]},"2":{"loc":{"start":{"line":14,"column":4},"end":{"line":15,"column":null}},"type":"if","locations":[{"start":{"line":14,"column":4},"end":{"line":15,"column":null}}]},"3":{"loc":{"start":{"line":22,"column":2},"end":{"line":54,"column":null}},"type":"switch","locations":[{"start":{"line":23,"column":4},"end":{"line":24,"column":null}},{"start":{"line":25,"column":4},"end":{"line":26,"column":null}},{"start":{"line":27,"column":4},"end":{"line":27,"column":null}},{"start":{"line":28,"column":4},"end":{"line":29,"column":null}},{"start":{"line":30,"column":4},"end":{"line":31,"column":null}},{"start":{"line":32,"column":4},"end":{"line":33,"column":null}},{"start":{"line":34,"column":4},"end":{"line":34,"column":null}},{"start":{"line":35,"column":4},"end":{"line":36,"column":null}},{"start":{"line":37,"column":4},"end":{"line":37,"column":null}},{"start":{"line":38,"column":4},"end":{"line":39,"column":null}},{"start":{"line":40,"column":4},"end":{"line":40,"column":null}},{"start":{"line":41,"column":4},"end":{"line":42,"column":null}},{"start":{"line":43,"column":4},"end":{"line":43,"column":null}},{"start":{"line":44,"column":4},"end":{"line":45,"column":null}},{"start":{"line":46,"column":4},"end":{"line":46,"column":null}},{"start":{"line":47,"column":4},"end":{"line":48,"column":null}},{"start":{"line":49,"column":4},"end":{"line":49,"column":null}},{"start":{"line":50,"column":4},"end":{"line":51,"column":null}},{"start":{"line":52,"column":4},"end":{"line":53,"column":null}}]}},"s":{"0":0,"1":0,"2":0,"3":0,"4":0,"5":0,"6":0,"7":0,"8":0,"9":0,"10":0,"11":0,"12":0,"13":0,"14":0,"15":0,"16":0,"17":0,"18":0,"19":0,"20":0,"21":0,"22":0,"23":0,"24":0,"25":0,"26":0},"f":{"0":0,"1":0,"2":0,"3":0,"4":0},"b":{"0":[0],"1":[0],"2":[0],"3":[0,0,0,0,0,0,0,0,0,0,0,0,0,0,0,0,0,0,0]}},"/Users/raviranjan/Documents/agents/blog/components/GithubCard/GithubCardHeader.tsx":{"path":"/Users/raviranjan/Documents/agents/blog/components/GithubCard/GithubCardHeader.tsx","statementMap":{"0":{"start":{"line":18,"column":0},"end":{"line":18,"column":15}},"1":{"start":{"line":2,"column":23},"end":{"line":2,"column":null}},"2":{"start":{"line":3,"column":21},"end":{"line":3,"column":null}},"3":{"start":{"line":18,"column":15},"end":{"line":18,"column":null}}},"fnMap":{"0":{"name":"GithubCardHeader","decl":{"start":{"line":9,"column":9},"end":{"line":9,"column":26}},"loc":{"start":{"line":9,"column":44},"end":{"line":16,"column":null}}}},"branchMap":{},"s":{"0":0,"1":0,"2":0,"3":0},"f":{"0":0},"b":{}},"/Users/raviranjan/Documents/agents/blog/components/Footer/Footer.tsx":{"path":"/Users/raviranjan/Documents/agents/blog/components/Footer/Footer.tsx","statementMap":{"0":{"start":{"line":16,"column":24},"end":{"line":16,"column":31}},"1":{"start":{"line":2,"column":16},"end":{"line":2,"column":null}},"2":{"start":{"line":3,"column":22},"end":{"line":3,"column":null}},"3":{"start":{"line":4,"column":20},"end":{"line":4,"column":null}},"4":{"start":{"line":5,"column":16},"end":{"line":5,"column":null}},"5":{"start":{"line":6,"column":25},"end":{"line":6,"column":null}},"6":{"start":{"line":7,"column":39},"end":{"line":7,"column":null}},"7":{"start":{"line":8,"column":23},"end":{"line":8,"column":null}},"8":{"start":{"line":29,"column":12},"end":{"line":30,"column":null}}},"fnMap":{"0":{"name":"Footer","decl":{"start":{"line":16,"column":24},"end":{"line":16,"column":31}},"loc":{"start":{"line":20,"column":8},"end":{"line":69,"column":null}}},"1":{"name":"(anonymous_3)","decl":{"start":{"line":28,"column":39},"end":{"line":28,"column":null}},"loc":{"start":{"line":29,"column":12},"end":{"line":30,"column":null}}}},"branchMap":{"0":{"loc":{"start":{"line":18,"column":2},"end":{"line":18,"column":28}},"type":"default-arg","locations":[{"start":{"line":18,"column":11},"end":{"line":18,"column":28}}]},"1":{"loc":{"start":{"line":19,"column":2},"end":{"line":19,"column":30}},"type":"default-arg","locations":[{"start":{"line":19,"column":12},"end":{"line":19,"column":30}}]}},"s":{"0":0,"1":0,"2":0,"3":0,"4":0,"5":0,"6":0,"7":0,"8":0},"f":{"0":0,"1":0},"b":{"0":[0],"1":[0]}},"/Users/raviranjan/Documents/agents/blog/components/GithubCard/GithubCard.tsx":{"path":"/Users/raviranjan/Documents/agents/blog/components/GithubCard/GithubCard.tsx","statementMap":{"0":{"start":{"line":36,"column":0},"end":{"line":36,"column":15}},"1":{"start":{"line":4,"column":19},"end":{"line":4,"column":null}},"2":{"start":{"line":5,"column":18},"end":{"line":5,"column":null}},"3":{"start":{"line":6,"column":27},"end":{"line":6,"column":null}},"4":{"start":{"line":7,"column":31},"end":{"line":7,"column":null}},"5":{"start":{"line":8,"column":30},"end":{"line":8,"column":null}},"6":{"start":{"line":9,"column":29},"end":{"line":9,"column":null}},"7":{"start":{"line":10,"column":27},"end":{"line":10,"column":null}},"8":{"start":{"line":18,"column":43},"end":{"line":18,"column":null}},"9":{"start":{"line":29,"column":10},"end":{"line":29,"column":42}},"10":{"start":{"line":36,"column":15},"end":{"line":36,"column":null}}},"fnMap":{"0":{"name":"GithubCard","decl":{"start":{"line":17,"column":9},"end":{"line":17,"column":20}},"loc":{"start":{"line":17,"column":45},"end":{"line":34,"column":null}}},"1":{"name":"(anonymous_3)","decl":{"start":{"line":28,"column":19},"end":{"line":28,"column":null}},"loc":{"start":{"line":29,"column":10},"end":{"line":29,"column":42}}}},"branchMap":{},"s":{"0":0,"1":0,"2":0,"3":0,"4":0,"5":0,"6":0,"7":0,"8":0,"9":0,"10":0},"f":{"0":0,"1":0},"b":{}},"/Users/raviranjan/Documents/agents/blog/components/GithubCard/GithubRepoCard.tsx":{"path":"/Users/raviranjan/Documents/agents/blog/components/GithubCard/GithubRepoCard.tsx","statementMap":{"0":{"start":{"line":39,"column":0},"end":{"line":39,"column":15}},"1":{"start":{"line":2,"column":18},"end":{"line":2,"column":null}},"2":{"start":{"line":3,"column":27},"end":{"line":3,"column":null}},"3":{"start":{"line":4,"column":31},"end":{"line":4,"column":null}},"4":{"start":{"line":5,"column":20},"end":{"line":5,"column":null}},"5":{"start":{"line":6,"column":21},"end":{"line":6,"column":null}},"6":{"start":{"line":7,"column":31},"end":{"line":7,"column":null}},"7":{"start":{"line":39,"column":15},"end":{"line":39,"column":null}}},"fnMap":{"0":{"name":"GithubRepoCard","decl":{"start":{"line":13,"column":9},"end":{"line":13,"column":24}},"loc":{"start":{"line":13,"column":39},"end":{"line":37,"column":null}}}},"branchMap":{},"s":{"0":0,"1":0,"2":0,"3":0,"4":0,"5":0,"6":0,"7":0},"f":{"0":0},"b":{}},"/Users/raviranjan/Documents/agents/blog/components/Header/MobileNav.tsx":{"path":"/Users/raviranjan/Documents/agents/blog/components/Header/MobileNav.tsx","statementMap":{"0":{"start":{"line":47,"column":0},"end":{"line":47,"column":15}},"1":{"start":{"line":1,"column":16},"end":{"line":1,"column":null}},"2":{"start":{"line":2,"column":21},"end":{"line":2,"column":null}},"3":{"start":{"line":3,"column":17},"end":{"line":3,"column":null}},"4":{"start":{"line":4,"column":23},"end":{"line":4,"column":null}},"5":{"start":{"line":5,"column":17},"end":{"line":5,"column":null}},"6":{"start":{"line":6,"column":20},"end":{"line":6,"column":null}},"7":{"start":{"line":7,"column":16},"end":{"line":7,"column":null}},"8":{"start":{"line":8,"column":24},"end":{"line":8,"column":null}},"9":{"start":{"line":9,"column":23},"end":{"line":9,"column":null}},"10":{"start":{"line":10,"column":17},"end":{"line":10,"column":null}},"11":{"start":{"line":24,"column":40},"end":{"line":27,"column":null}},"12":{"start":{"line":47,"column":15},"end":{"line":47,"column":null}}},"fnMap":{"0":{"name":"MobileNav","decl":{"start":{"line":12,"column":9},"end":{"line":12,"column":null}},"loc":{"start":{"line":12,"column":9},"end":{"line":45,"column":null}}},"1":{"name":"(anonymous_3)","decl":{"start":{"line":24,"column":30},"end":{"line":24,"column":40}},"loc":{"start":{"line":24,"column":40},"end":{"line":27,"column":null}}}},"branchMap":{},"s":{"0":0,"1":0,"2":0,"3":0,"4":0,"5":0,"6":0,"7":0,"8":0,"9":0,"10":0,"11":0,"12":0},"f":{"0":0,"1":0},"b":{}},"/Users/raviranjan/Documents/agents/blog/components/Header/index.ts":{"path":"/Users/raviranjan/Documents/agents/blog/components/Header/index.ts","statementMap":{"0":{"start":{"line":1,"column":9},"end":{"line":1,"column":24}},"1":{"start":{"line":1,"column":24},"end":{"line":1,"column":null}}},"fnMap":{},"branchMap":{},"s":{"0":0,"1":0},"f":{},"b":{}},"/Users/raviranjan/Documents/agents/blog/components/CodeBlocks/BlockCode.tsx":{"path":"/Users/raviranjan/Documents/agents/blog/components/CodeBlocks/BlockCode.tsx","statementMap":{"0":{"start":{"line":58,"column":0},"end":{"line":58,"column":15}},"1":{"start":{"line":2,"column":15},"end":{"line":2,"column":null}},"2":{"start":{"line":3,"column":40},"end":{"line":3,"column":null}},"3":{"start":{"line":4,"column":19},"end":{"line":4,"column":null}},"4":{"start":{"line":5,"column":18},"end":{"line":5,"column":null}},"5":{"start":{"line":58,"column":15},"end":{"line":58,"column":null}}},"fnMap":{"0":{"name":"BlockCode","decl":{"start":{"line":14,"column":9},"end":{"line":14,"column":19}},"loc":{"start":{"line":19,"column":8},"end":{"line":56,"column":null}}}},"branchMap":{"0":{"loc":{"start":{"line":34,"column":16},"end":{"line":34,"column":70}},"type":"cond-expr","locations":[{"start":{"line":34,"column":39},"end":{"line":34,"column":55}},{"start":{"line":34,"column":58},"end":{"line":34,"column":70}}]},"1":{"loc":{"start":{"line":39,"column":15},"end":{"line":44,"column":null}},"type":"cond-expr","locations":[{"start":{"line":41,"column":20},"end":{"line":41,"column":61}},{"start":{"line":44,"column":20},"end":{"line":44,"column":null}}]}},"s":{"0":0,"1":0,"2":0,"3":0,"4":0,"5":0},"f":{"0":0},"b":{"0":[0,0],"1":[0,0]}},"/Users/raviranjan/Documents/agents/blog/components/Header/DesktopNav.tsx":{"path":"/Users/raviranjan/Documents/agents/blog/components/Header/DesktopNav.tsx","statementMap":{"0":{"start":{"line":80,"column":0},"end":{"line":80,"column":15}},"1":{"start":{"line":2,"column":17},"end":{"line":2,"column":null}},"2":{"start":{"line":3,"column":23},"end":{"line":3,"column":null}},"3":{"start":{"line":4,"column":17},"end":{"line":4,"column":null}},"4":{"start":{"line":5,"column":27},"end":{"line":5,"column":null}},"5":{"start":{"line":6,"column":24},"end":{"line":6,"column":null}},"6":{"start":{"line":7,"column":23},"end":{"line":7,"column":null}},"7":{"start":{"line":8,"column":17},"end":{"line":8,"column":null}},"8":{"start":{"line":9,"column":15},"end":{"line":9,"column":null}},"9":{"start":{"line":10,"column":19},"end":{"line":10,"column":null}},"10":{"start":{"line":39,"column":32},"end":{"line":55,"column":null}},"11":{"start":{"line":80,"column":15},"end":{"line":80,"column":null}}},"fnMap":{"0":{"name":"DesktopNav","decl":{"start":{"line":17,"column":9},"end":{"line":17,"column":20}},"loc":{"start":{"line":17,"column":43},"end":{"line":78,"column":null}}},"1":{"name":"(anonymous_3)","decl":{"start":{"line":39,"column":22},"end":{"line":39,"column":32}},"loc":{"start":{"line":39,"column":32},"end":{"line":55,"column":null}}}},"branchMap":{},"s":{"0":0,"1":0,"2":0,"3":0,"4":0,"5":0,"6":0,"7":0,"8":0,"9":0,"10":0,"11":0},"f":{"0":0,"1":0},"b":{}},"/Users/raviranjan/Documents/agents/blog/components/Icons/Comment.tsx":{"path":"/Users/raviranjan/Documents/agents/blog/components/Icons/Comment.tsx","statementMap":{"0":{"start":{"line":32,"column":0},"end":{"line":32,"column":15}},"1":{"start":{"line":3,"column":23},"end":{"line":3,"column":null}},"2":{"start":{"line":4,"column":24},"end":{"line":4,"column":null}},"3":{"start":{"line":31,"column":16},"end":{"line":31,"column":null}},"4":{"start":{"line":32,"column":15},"end":{"line":32,"column":null}}},"fnMap":{"0":{"name":"Svg","decl":{"start":{"line":6,"column":9},"end":{"line":6,"column":null}},"loc":{"start":{"line":6
[...]
le.tsx","statementMap":{"0":{"start":{"line":22,"column":0},"end":{"line":22,"column":15}},"1":{"start":{"line":2,"column":15},"end":{"line":2,"column":null}},"2":{"start":{"line":3,"column":19},"end":{"line":3,"column":null}},"3":{"start":{"line":22,"column":15},"end":{"line":22,"column":null}}},"fnMap":{"0":{"name":"Table","decl":{"start":{"line":7,"column":9},"end":{"line":7,"column":15}},"loc":{"start":{"line":7,"column":55},"end":{"line":20,"column":null}}}},"branchMap":{},"s":{"0":0,"1":0,"2":0,"3":0},"f":{"0":0},"b":{}},"/Users/raviranjan/Documents/agents/blog/components/Tags/IconTag.tsx":{"path":"/Users/raviranjan/Documents/agents/blog/components/Tags/IconTag.tsx","statementMap":{"0":{"start":{"line":25,"column":0},"end":{"line":25,"column":15}},"1":{"start":{"line":2,"column":15},"end":{"line":2,"column":null}},"2":{"start":{"line":3,"column":19},"end":{"line":3,"column":null}},"3":{"start":{"line":4,"column":16},"end":{"line":4,"column":null}},"4":{"start":{"line":25,"column":15},"end":{"line":25,"column":null}}},"fnMap":{"0":{"name":"IconTag","decl":{"start":{"line":11,"column":9},"end":{"line":11,"column":17}},"loc":{"start":{"line":11,"column":37},"end":{"line":23,"column":null}}}},"branchMap":{},"s":{"0":0,"1":0,"2":0,"3":0,"4":0},"f":{"0":0},"b":{}},"/Users/raviranjan/Documents/agents/blog/components/Table/index.ts":{"path":"/Users/raviranjan/Documents/agents/blog/components/Table/index.ts","statementMap":{"0":{"start":{"line":1,"column":9},"end":{"line":1,"column":24}},"1":{"start":{"line":1,"column":24},"end":{"line":1,"column":null}}},"fnMap":{},"branchMap":{},"s":{"0":0,"1":0},"f":{},"b":{}},"/Users/raviranjan/Documents/agents/blog/components/Tags/index.ts":{"path":"/Users/raviranjan/Documents/agents/blog/components/Tags/index.ts","statementMap":{"0":{"start":{"line":1,"column":20},"end":{"line":1,"column":35}},"1":{"start":{"line":2,"column":20},"end":{"line":2,"column":35}},"2":{"start":{"line":3,"column":20},"end":{"line":3,"column":31}},"3":{"start":{"line":1,"column":35},"end":{"line":1,"column":null}},"4":{"start":{"line":2,"column":35},"end":{"line":2,"column":null}},"5":{"start":{"line":3,"column":31},"end":{"line":3,"column":null}}},"fnMap":{},"branchMap":{},"s":{"0":0,"1":0,"2":0,"3":0,"4":0,"5":0},"f":{},"b":{}},"/Users/raviranjan/Documents/agents/blog/components/Tags/LinkTag.tsx":{"path":"/Users/raviranjan/Documents/agents/blog/components/Tags/LinkTag.tsx","statementMap":{"0":{"start":{"line":32,"column":0},"end":{"line":32,"column":15}},"1":{"start":{"line":2,"column":17},"end":{"line":2,"column":null}},"2":{"start":{"line":3,"column":31},"end":{"line":3,"column":null}},"3":{"start":{"line":4,"column":15},"end":{"line":4,"column":null}},"4":{"start":{"line":5,"column":19},"end":{"line":5,"column":null}},"5":{"start":{"line":6,"column":16},"end":{"line":6,"column":null}},"6":{"start":{"line":32,"column":15},"end":{"line":32,"column":null}}},"fnMap":{"0":{"name":"LinkTag","decl":{"start":{"line":15,"column":9},"end":{"line":15,"column":17}},"loc":{"start":{"line":21,"column":8},"end":{"line":30,"column":null}}}},"branchMap":{"0":{"loc":{"start":{"line":16,"column":2},"end":{"line":16,"column":26}},"type":"default-arg","locations":[{"start":{"line":16,"column":8},"end":{"line":16,"column":26}}]},"1":{"loc":{"start":{"line":17,"column":2},"end":{"line":17,"column":22}},"type":"default-arg","locations":[{"start":{"line":17,"column":9},"end":{"line":17,"column":22}}]},"2":{"loc":{"start":{"line":19,"column":2},"end":{"line":19,"column":29}},"type":"default-arg","locations":[{"start":{"line":19,"column":10},"end":{"line":19,"column":29}}]}},"s":{"0":0,"1":0,"2":0,"3":0,"4":0,"5":0,"6":0},"f":{"0":0},"b":{"0":[0],"1":[0],"2":[0]}},"/Users/raviranjan/Documents/agents/blog/components/Space/index.ts":{"path":"/Users/raviranjan/Documents/agents/blog/components/Space/index.ts","statementMap":{"0":{"start":{"line":1,"column":9},"end":{"line":1,"column":24}},"1":{"start":{"line":1,"column":24},"end":{"line":1,"column":null}}},"fnMap":{},"branchMap":{},"s":{"0":0,"1":0},"f":{},"b":{}},"/Users/raviranjan/Documents/agents/blog/components/ThemeSwitch/index.ts":{"path":"/Users/raviranjan/Documents/agents/blog/components/ThemeSwitch/index.ts","statementMap":{"0":{"start":{"line":1,"column":9},"end":{"line":1,"column":24}},"1":{"start":{"line":1,"column":24},"end":{"line":1,"column":null}}},"fnMap":{},"branchMap":{},"s":{"0":0,"1":0},"f":{},"b":{}},"/Users/raviranjan/Documents/agents/blog/components/Space/Space.tsx":{"path":"/Users/raviranjan/Documents/agents/blog/components/Space/Space.tsx","statementMap":{"0":{"start":{"line":8,"column":0},"end":{"line":8,"column":15}},"1":{"start":{"line":2,"column":34},"end":{"line":2,"column":null}},"2":{"start":{"line":8,"column":15},"end":{"line":8,"column":null}}},"fnMap":{},"branchMap":{},"s":{"0":0,"1":0,"2":0},"f":{},"b":{}},"/Users/raviranjan/Documents/agents/blog/components/ThemeSwitch/ThemeSwitch.tsx":{"path":"/Users/raviranjan/Documents/agents/blog/components/ThemeSwitch/ThemeSwitch.tsx","statementMap":{"0":{"start":{"line":34,"column":0},"end":{"line":34,"column":15}},"1":{"start":{"line":3,"column":26},"end":{"line":3,"column":null}},"2":{"start":{"line":4,"column":23},"end":{"line":4,"column":null}},"3":{"start":{"line":5,"column":28},"end":{"line":5,"column":null}},"4":{"start":{"line":6,"column":15},"end":{"line":6,"column":null}},"5":{"start":{"line":7,"column":33},"end":{"line":7,"column":null}},"6":{"start":{"line":8,"column":28},"end":{"line":8,"column":null}},"7":{"start":{"line":9,"column":19},"end":{"line":9,"column":null}},"8":{"start":{"line":16,"column":34},"end":{"line":16,"column":null}},"9":{"start":{"line":17,"column":29},"end":{"line":17,"column":null}},"10":{"start":{"line":18,"column":22},"end":{"line":20,"column":null}},"11":{"start":{"line":19,"column":4},"end":{"line":19,"column":null}},"12":{"start":{"line":34,"column":15},"end":{"line":34,"column":null}}},"fnMap":{"0":{"name":"ThemeSwitch","decl":{"start":{"line":15,"column":9},"end":{"line":15,"column":21}},"loc":{"start":{"line":15,"column":41},"end":{"line":32,"column":null}}},"1":{"name":"(anonymous_3)","decl":{"start":{"line":18,"column":34},"end":{"line":18,"column":null}},"loc":{"start":{"line":18,"column":34},"end":{"line":20,"column":5}}}},"branchMap":{},"s":{"0":0,"1":0,"2":0,"3":0,"4":0,"5":0,"6":0,"7":0,"8":0,"9":0,"10":0,"11":0,"12":0},"f":{"0":0,"1":0},"b":{}},"/Users/raviranjan/Documents/agents/blog/components/Tooltip/Tooltip.tsx":{"path":"/Users/raviranjan/Documents/agents/blog/components/Tooltip/Tooltip.tsx","statementMap":{"0":{"start":{"line":8,"column":0},"end":{"line":8,"column":15}},"1":{"start":{"line":2,"column":38},"end":{"line":2,"column":null}},"2":{"start":{"line":8,"column":15},"end":{"line":8,"column":null}}},"fnMap":{},"branchMap":{},"s":{"0":0,"1":0,"2":0},"f":{},"b":{}},"/Users/raviranjan/Documents/agents/blog/components/Tooltip/index.ts":{"path":"/Users/raviranjan/Documents/agents/blog/components/Tooltip/index.ts","statementMap":{"0":{"start":{"line":1,"column":9},"end":{"line":1,"column":24}},"1":{"start":{"line":1,"column":24},"end":{"line":1,"column":null}}},"fnMap":{},"branchMap":{},"s":{"0":0,"1":0},"f":{},"b":{}},"/Users/raviranjan/Documents/agents/blog/components/TagsCloud/index.ts":{"path":"/Users/raviranjan/Documents/agents/blog/components/TagsCloud/index.ts","statementMap":{"0":{"start":{"line":1,"column":9},"end":{"line":1,"column":24}},"1":{"start":{"line":1,"column":24},"end":{"line":1,"column":null}}},"fnMap":{},"branchMap":{},"s":{"0":0,"1":0},"f":{},"b":{}},"/Users/raviranjan/Documents/agents/blog/components/Texts/Anchor.tsx":{"path":"/Users/raviranjan/Documents/agents/blog/components/Texts/Anchor.tsx","statementMap":{"0":{"start":{"line":20,"column":0},"end":{"line":20,"column":15}},"1":{"start":{"line":2,"column":27},"end":{"line":2,"column":null}},"2":{"start":{"line":3,"column":15},"end":{"line":3,"column":null}},"3":{"start":{"line":4,"column":19},"end":{"line":4,"column":null}},"4":{"start":{"line":20,"column":15},"end":{"line":20,"column":null}}},"fnMap":{"0":{"name":"Anchor","decl":{"start":{"line":11,"column":9},"end":{"line":11,"column":16}},"loc":{"start":{"line":11,"column":46},"end":{"line":18,"column":null}}}},"branchMap":{},"s":{"0":0,"1":0,"2":0,"3":0,"4":0},"f":{"0":0},"b":{}},"/Users/raviranjan/Documents/agents/blog/components/Texts/Span.tsx":{"path":"/Users/raviranjan/Documents/agents/blog/components/Texts/Span.tsx","statementMap":{"0":{"start":{"line":48,"column":0},"end":{"line":48,"column":15}},"1":{"start":{"line":2,"column":15},"end":{"line":2,"column":null}},"2":{"start":{"line":15,"column":2},"end":{"line":26,"column":null}},"3":{"start":{"line":28,"column":2},"end":{"line":39,"column":null}},"4":{"start":{"line":48,"column":15},"end":{"line":48,"column":null}}},"fnMap":{"0":{"name":"Span","decl":{"start":{"line":10,"column":9},"end":{"line":10,"column":14}},"loc":{"start":{"line":14,"column":12},"end":{"line":46,"column":null}}}},"branchMap":{"0":{"loc":{"start":{"line":12,"column":2},"end":{"line":12,"column":13}},"type":"default-arg","locations":[{"start":{"line":12,"column":9},"end":{"line":12,"column":13}}]},"1":{"loc":{"start":{"line":13,"column":2},"end":{"line":13,"column":16}},"type":"default-arg","locations":[{"start":{"line":13,"column":14},"end":{"line":13,"column":16}}]},"2":{"loc":{"start":{"line":15,"column":2},"end":{"line":26,"column":null}},"type":"if","locations":[{"start":{"line":15,"column":2},"end":{"line":26,"column":null}}]},"3":{"loc":{"start":{"line":28,"column":2},"end":{"line":39,"column":null}},"type":"if","locations":[{"start":{"line":28,"column":2},"end":{"line":39,"column":null}}]}},"s":{"0":0,"1":0,"2":0,"3":0,"4":0},"f":{"0":0},"b":{"0":[0],"1":[0],"2":[0],"3":[0]}},"/Users/raviranjan/Documents/agents/blog/components/Texts/Text.tsx":{"path":"/Users/raviranjan/Documents/agents/blog/components/Texts/Text.tsx","statementMap":{"0":{"start":{"line":11,"column":0},"end":{"line":11,"column":15}},"1":{"start":{"line":2,"column":27},"end":{"line":2,"column":null}},"2":{"start":{"line":3,"column":15},"end":{"line":3,"column":null}},"3":{"start":{"line":11,"column":15},"end":{"line":11,"column":null}}},"fnMap":{"0":{"name":"Text","decl":{"start":{"line":7,"column":9},"end":{"line":7,"column":14}},"loc":{"start":{"line":7,"column":44},"end":{"line":9,"column":null}}}},"branchMap":{},"s":{"0":0,"1":0,"2":0,"3":0},"f":{"0":0},"b":{}},"/Users/raviranjan/Documents/agents/blog/components/Texts/Delete.tsx":{"path":"/Users/raviranjan/Documents/agents/blog/components/Texts/Delete.tsx","statementMap":{"0":{"start":{"line":7,"column":0},"end":{"line":7,"column":15}},"1":{"start":{"line":1,"column":17},"end":{"line":1,"column":null}},"2":{"start":{"line":7,"column":15},"end":{"line":7,"column":null}}},"fnMap":{},"branchMap":{},"s":{"0":0,"1":0,"2":0},"f":{},"b":{}},"/Users/raviranjan/Documents/agents/blog/components/PostsSearchBar/PostsSearchBar.tsx":{"path":"/Users/raviranjan/Documents/agents/blog/components/PostsSearchBar/PostsSearchBar.tsx","statementMap":{"0":{"start":{"line":55,"column":0},"end":{"line":55,"column":15}},"1":{"start":{"line":5,"column":25},"end":{"line":5,"column":null}},"2":{"start":{"line":6,"column":18},"end":{"line":6,"column":null}},"3":{"start":{"line":7,"column":17},"end":{"line":7,"column":null}},"4":{"start":{"line":8,"column":38},"end":{"line":8,"column":null}},"5":{"start":{"line":20,"column":32},"end":{"line":20,"column":null}},"6":{"start":{"line":22,"column":23},"end":{"line":41,"column":null}},"7":{"start":{"line":24,"column":6},"end":{"line":38,"column":null}},"8":{"start":{"line":28,"column":16},"end":{"line":28,"column":null}},"9":{"start":{"line":30,"column":41},"end":{"line":37,"column":null}},"10":{"start":{"line":55,"column":15},"end":{"line":55,"column":null}}},"fnMap":{"0":{"name":"PostsSearchBar","decl":{"start":{"line":19,"column":9},"end":{"line":19,"column":24}},"loc":{"start":{"line":19,"column":40},"end":{"line":53,"column":null}}},"1":{"name":"(anonymous_3)","decl":{"start":{"line":23,"column":4},"end":{"line":23,"column":5}},"loc":{"start":{"line":23,"column":5},"end":{"line":40,"column":null}}},"2":{"name":"(anonymous_4)","decl":{"start":{"line":27,"column":22},"end":{"line":27,"column":23}},"loc":{"start":{"line":28,"column":16},"end":{"line":28,"column":null}}},"3":{"name":"(anonymous_5)","decl":{"start":{"line":30,"column":19},"end":{"line":30,"column":20}},"loc":{"start":{"line":30,"column":41},"end":{"line":37,"column":null}}}},"branchMap":{"0":{"loc":{"start":{"line":25,"column":8},"end":{"line":38,"column":14}},"type":"cond-expr","locations":[{"start":{"line":26,"column":12},"end":{"line":37,"column":null}},{"start":{"line":38,"column":12},"end":{"line":38,"column":14}}]}},"s":{"0":0,"1":0,"2":0,"3":0,"4":0,"5":0,"6":0,"7":0,"8":0,"9":0,"10":0},"f":{"0":0,"1":0,"2":0,"3":0},"b":{"0":[0,0]}},"/Users/raviranjan/Documents/agents/blog/components/Texts/Strong.tsx":{"path":"/Users/raviranjan/Documents/agents/blog/components/Texts/Strong.tsx","statementMap":{"0":{"start":{"line":7,"column":0},"end":{"line":7,"column":15}},"1":{"start":{"line":1,"column":17},"end":{"line":1,"column":null}},"2":{"start":{"line":7,"column":15},"end":{"line":7,"column":null}}},"fnMap":{},"branchMap":{},"s":{"0":0,"1":0,"2":0},"f":{},"b":{}},"/Users/raviranjan/Documents/agents/blog/components/Texts/index.ts":{"path":"/Users/raviranjan/Documents/agents/blog/components/Texts/index.ts","statementMap":{"0":{"start":{"line":1,"column":20},"end":{"line":1,"column":34}},"1":{"start":{"line":2,"column":20},"end":{"line":2,"column":34}},"2":{"start":{"line":3,"column":20},"end":{"line":3,"column":36}},"3":{"start":{"line":4,"column":20},"end":{"line":4,"column":32}},"4":{"start":{"line":5,"column":20},"end":{"line":5,"column":34}},"5":{"start":{"line":6,"column":20},"end":{"line":6,"column":32}},"6":{"start":{"line":1,"column":34},"end":{"line":1,"column":null}},"7":{"start":{"line":2,"column":34},"end":{"line":2,"column":null}},"8":{"start":{"line":3,"column":36},"end":{"line":3,"column":null}},"9":{"start":{"line":4,"column":32},"end":{"line":4,"column":null}},"10":{"start":{"line":5,"column":34},"end":{"line":5,"column":null}},"11":{"start":{"line":6,"column":32},"end":{"line":6,"column":null}}},"fnMap":{},"branchMap":{},"s":{"0":0,"1":0,"2":0,"3":0,"4":0,"5":0,"6":0,"7":0,"8":0,"9":0,"10":0,"11":0},"f":{},"b":{}},"/Users/raviranjan/Documents/agents/blog/components/TypingTitle/TypingTitle.tsx":{"path":"/Users/raviranjan/Documents/agents/blog/components/TypingTitle/TypingTitle.tsx","statementMap":{"0":{"start":{"line":39,"column":0},"end":{"line":39,"column":15}},"1":{"start":{"line":3,"column":27},"end":{"line":3,"column":null}},"2":{"start":{"line":4,"column":32},"end":{"line":4,"column":null}},"3":{"start":{"line":5,"column":15},"end":{"line":5,"column":null}},"4":{"start":{"line":6,"column":23},"end":{"line":6,"column":null}},"5":{"start":{"line":23,"column":14},"end":{"line":23,"column":null}},"6":{"start":{"line":24,"column":2},"end":{"line":24,"column":null}},"7":{"start":{"line":39,"column":15},"end":{"line":39,"column":null}}},"fnMap":{"0":{"name":"TypingTitle","decl":{"start":{"line":16,"column":9},"end":{"line":16,"column":21}},"loc":{"start":{"line":22,"column":8},"end":{"line":37,"column":null}}}},"branchMap":{"0":{"loc":{"start":{"line":17,"column":2},"end":{"line":17,"column":35}},"type":"default-arg","locations":[{"start":{"line":17,"column":11},"end":{"line":17,"column":35}}]},"1":{"loc":{"start":{"line":18,"column":2},"end":{"line":18,"column":12}},"type":"default-arg","locations":[{"start":{"line":18,"column":10},"end":{"line":18,"column":12}}]},"2":{"loc":{"start":{"line":19,"column":2},"end":{"line":19,"column":13}},"type":"default-arg","locations":[{"start":{"line":19,"column":10},"end":{"line":19,"column":13}}]},"3":{"loc":{"start":{"line":20,"column":2},"end":{"line":20,"column":13}},"type":"default-arg","locations":[{"start":{"line":20,"column":9},"end":{"line":20,"column":13}}]}},"s":{"0":0,"1":0,"2":0,"3":0,"4":0,"5":0,"6":0,"7":0},"f":{"0":0},"b":{"0":[0],"1":[0],"2":[0],"3":[0]}},"/Users/raviranjan/Documents/agents/blog/components/TagsCloud/TagsCloud.tsx":{"path":"/Users/raviranjan/Documents/agents/blog/components/TagsCloud/TagsCloud.tsx","statementMap":{"0":{"start":{"line":50,"column":0},"end":{"line":50,"column":15}},"1":{"start":{"line":2,"column":24},"end":{"line":2,"column":null}},"2":{"start":{"line":3,"column":51},"end":{"line":3,"column":null}},"3":{"start":{"line":11,"column":17},"end":{"line":14,"column":null}},"4":{"start":{"line":13,"column":4},"end":{"line":13,"column":null}},"5":{"start":{"line":16,"column":2},"end":{"line":17,"column":null}},"6":{"start":{"line":17,"column":4},"end":{"line":17,"column":null}},"7":{"start":{"line":17,"column":38},"end":{"line":17,"column":null}},"8":{"start":{"line":27,"column":8},"end":{"line":28,"column":null}},"9":{"start":{"line":50,"column":15},"end":{"line":50,"column":null}}},"fnMap":{"0":{"name":"TagsCloud","decl":{"start":{"line":10,"column":9},"end":{"line":10,"column":19}},"loc":{"start":{"line":10,"column":45},"end":{"line":48,"column":null}}},"1":{"name":"(anonymous_2)","decl":{"start":{"line":11,"column":40},"end":{"line":11,"column":41}},"loc":{"start":{"line":11,"column":44},"end":{"line":14,"column":null}}},"2":{"name":"(anonymous_3)","decl":{"start":{"line":17,"column":31},"end":{"line":17,"column":38}},"loc":{"start":{"line":17,"column":38},"end":{"line":17,"column":null}}},"3":{"name":"(anonymous_4)","decl":{"start":{"line":26,"column":20},"end":{"line":26,"column":null}},"loc":{"start":{"line":27,"column":8},"end":{"line":28,"column":null}}}},"branchMap":{"0":{"loc":{"start":{"line":16,"column":2},"end":{"line":17,"column":null}},"type":"if","locations":[{"start":{"line":16,"column":2},"end":{"line":17,"column":null}}]},"1":{"loc":{"start":{"line":21,"column":8},"end":{"line":25,"column":null}},"type":"cond-expr","locations":[{"start":{"line":23,"column":12},"end":{"line":25,"column":null}},{"start":{"line":25,"column":10},"end":{"line":25,"column":null}}]},"2":{"loc":{"start":{"line":32,"column":17},"end":{"line":32,"column":null}},"type":"cond-expr","locations":[{"start":{"line":32,"column":39},"end":{"line":32,"column":50}},{"start":{"line":32,"column":53},"end":{"line":32,"column":null}}]},"3":{"loc":{"start":{"line":36,"column":8},"end":{"line":45,"column":null}},"type":"cond-expr","locations":[{"start":{"line":38,"column":12},"end":{"line":45,"column":null}},{"start":{"line":45,"column":10},"end":{"line":45,"column":null}}]}},"s":{"0":0,"1":0,"2":0,"3":0,"4":0,"5":0,"6":0,"7":0,"8":0,"9":0},"f":{"0":0,"1":0,"2":0,"3":0},"b":{"0":[0],"1":[0,0],"2":[0,0],"3":[0,0]}},"/Users/raviranjan/Documents/agents/blog/components/Tags/Tag.tsx":{"path":"/Users/raviranjan/Documents/agents/blog/components/Tags/Tag.tsx","statementMap":{"0":{"start":{"line":8,"column":0},"end":{"line":8,"column":15}},"1":{"start":{"line":2,"column":30},"end":{"line":2,"column":null}},"2":{"start":{"line":8,"column":15},"end":{"line":8,"column":null}}},"fnMap":{},"branchMap":{},"s":{"0":0,"1":0,"2":0},"f":{},"b":{}},"/Users/raviranjan/Documents/agents/blog/components/Texts/Emphasis.tsx":{"path":"/Users/raviranjan/Documents/agents/blog/components/Texts/Emphasis.tsx","statementMap":{"0":{"start":{"line":7,"column":0},"end":{"line":7,"column":15}},"1":{"start":{"line":1,"column":17},"end":{"line":1,"column":null}},"2":{"start":{"line":7,"column":15},"end":{"line":7,"column":null}}},"fnMap":{},"branchMap":{},"s":{"0":0,"1":0,"2":0},"f":{},"b":{}},"/Users/raviranjan/Documents/agents/blog/components/TypingTitle/index.ts":{"path":"/Users/raviranjan/Documents/agents/blog/components/TypingTitle/index.ts","statementMap":{"0":{"start":{"line":1,"column":9},"end":{"line":1,"column":24}},"1":{"start":{"line":1,"column":24},"end":{"line":1,"column":null}}},"fnMap":{},"branchMap":{},"s":{"0":0,"1":0},"f":{},"b":{}}}}
